This is XeTeX, Version 3.141592653-2.6-0.999996 (TeX Live 2024) (preloaded format=xelatex 2025.1.17)  26 JAN 2025 19:34
entering extended mode
 restricted \write18 enabled.
 file:line:error style messages enabled.
 %&-line parsing enabled.
**c:/MCM2025/latex/2515374
(c:/MCM2025/latex/2515374.tex
LaTeX2e <2023-11-01> patch level 1
L3 programming layer <2024-02-20>
(d:/texlive/2024/texmf-dist/tex/latex/mcmthesis/mcmthesis.cls
Document Class: mcmthesis 2024/01/22 v6.3.3 The Thesis Template Designed For MCM/ICM
The Thesis Template Designed For MCM/ICM
(d:/texlive/2024/texmf-dist/tex/latex/xkeyval/xkeyval.sty
Package: xkeyval 2022/06/16 v2.9 package option processing (HA)
 (d:/texlive/2024/texmf-dist/tex/generic/xkeyval/xkeyval.tex (d:/texlive/2024/texmf-dist/tex/generic/xkeyval/xkvutils.tex
\XKV@toks=\toks17
\XKV@tempa@toks=\toks18
 (d:/texlive/2024/texmf-dist/tex/generic/xkeyval/keyval.tex))
\XKV@depth=\count184
File: xkeyval.tex 2014/12/03 v2.7a key=value parser (HA)
)) (d:/texlive/2024/texmf-dist/tex/latex/etoolbox/etoolbox.sty
Package: etoolbox 2020/10/05 v2.5k e-TeX tools for LaTeX (JAW)
\etb@tempcnta=\count185
) (d:/texlive/2024/texmf-dist/tex/latex/base/article.cls
Document Class: article 2023/05/17 v1.4n Standard LaTeX document class
(d:/texlive/2024/texmf-dist/tex/latex/base/size12.clo
File: size12.clo 2023/05/17 v1.4n Standard LaTeX file (size option)
)
\c@part=\count186
\c@section=\count187
\c@subsection=\count188
\c@subsubsection=\count189
\c@paragraph=\count190
\c@subparagraph=\count191
\c@figure=\count192
\c@table=\count193
\abovecaptionskip=\skip48
\belowcaptionskip=\skip49
\bibindent=\dimen140
) (d:/texlive/2024/texmf-dist/tex/latex/fancyhdr/fancyhdr.sty
Package: fancyhdr 2022/11/09 v4.1 Extensive control of page headers and footers
\f@nch@headwidth=\skip50
\f@nch@O@elh=\skip51
\f@nch@O@erh=\skip52
\f@nch@O@olh=\skip53
\f@nch@O@orh=\skip54
\f@nch@O@elf=\skip55
\f@nch@O@erf=\skip56
\f@nch@O@olf=\skip57
\f@nch@O@orf=\skip58
) (d:/texlive/2024/texmf-dist/tex/latex/fancybox/fancybox.sty
Package: fancybox 2010/05/15 1.4

Style option: `fancybox' v1.4 <2010/05/15> (tvz)
\@fancybox=\box51
\shadowsize=\dimen141
\@Sbox=\box52
\do@VerbBox=\toks19
\the@fancyput=\toks20
\this@fancyput=\toks21
\EndVerbatimTokens=\toks22
\Verbatim@Outfile=\write3
\Verbatim@Infile=\read2
) (d:/texlive/2024/texmf-dist/tex/latex/base/ifthen.sty
Package: ifthen 2022/04/13 v1.1d Standard LaTeX ifthen package (DPC)
) (d:/texlive/2024/texmf-dist/tex/latex/listings/listings.sty
\lst@mode=\count194
\lst@gtempboxa=\box53
\lst@token=\toks23
\lst@length=\count195
\lst@currlwidth=\dimen142
\lst@column=\count196
\lst@pos=\count197
\lst@lostspace=\dimen143
\lst@width=\dimen144
\lst@newlines=\count198
\lst@lineno=\count199
\lst@maxwidth=\dimen145
 (d:/texlive/2024/texmf-dist/tex/latex/listings/lstpatch.sty
File: lstpatch.sty 2024/02/21 1.10 (Carsten Heinz)
) (d:/texlive/2024/texmf-dist/tex/latex/listings/lstmisc.sty
File: lstmisc.sty 2024/02/21 1.10 (Carsten Heinz)
\c@lstnumber=\count266
\lst@skipnumbers=\count267
\lst@framebox=\box54
) (d:/texlive/2024/texmf-dist/tex/latex/listings/listings.cfg
File: listings.cfg 2024/02/21 1.10 listings configuration
))
Package: listings 2024/02/21 1.10 (Carsten Heinz)
 (d:/texlive/2024/texmf-dist/tex/latex/appendix/appendix.sty
Package: appendix 2020/02/08 v1.2c extra appendix facilities
\c@@pps=\count268
\c@@ppsavesec=\count269
\c@@ppsaveapp=\count270
) (d:/texlive/2024/texmf-dist/tex/latex/paralist/paralist.sty
Package: paralist 2017/01/22 v2.7 Extended list environments
\pltopsep=\skip59
\plpartopsep=\skip60
\plitemsep=\skip61
\plparsep=\skip62
\pl@lab=\toks24
) (d:/texlive/2024/texmf-dist/tex/latex/amscls/amsthm.sty
Package: amsthm 2020/05/29 v2.20.6
\thm@style=\toks25
\thm@bodyfont=\toks26
\thm@headfont=\toks27
\thm@notefont=\toks28
\thm@headpunct=\toks29
\thm@preskip=\skip63
\thm@postskip=\skip64
\thm@headsep=\skip65
\dth@everypar=\toks30
) (d:/texlive/2024/texmf-dist/tex/latex/amsfonts/amsfonts.sty
Package: amsfonts 2013/01/14 v3.01 Basic AMSFonts support
\@emptytoks=\toks31
\symAMSa=\mathgroup4
\symAMSb=\mathgroup5
LaTeX Font Info:    Redeclaring math symbol \hbar on input line 98.
LaTeX Font Info:    Overwriting math alphabet `\mathfrak' in version `bold'
(Font)                  U/euf/m/n --> U/euf/b/n on input line 106.
) (d:/texlive/2024/texmf-dist/tex/latex/amsmath/amsmath.sty
Package: amsmath 2023/05/13 v2.17o AMS math features
\@mathmargin=\skip66

For additional information on amsmath, use the `?' option.
(d:/texlive/2024/texmf-dist/tex/latex/amsmath/amstext.sty
Package: amstext 2021/08/26 v2.01 AMS text
 (d:/texlive/2024/texmf-dist/tex/latex/amsmath/amsgen.sty
File: amsgen.sty 1999/11/30 v2.0 generic functions
\@emptytoks=\toks32
\ex@=\dimen146
)) (d:/texlive/2024/texmf-dist/tex/latex/amsmath/amsbsy.sty
Package: amsbsy 1999/11/29 v1.2d Bold Symbols
\pmbraise@=\dimen147
) (d:/texlive/2024/texmf-dist/tex/latex/amsmath/amsopn.sty
Package: amsopn 2022/04/08 v2.04 operator names
)
\inf@bad=\count271
LaTeX Info: Redefining \frac on input line 234.
\uproot@=\count272
\leftroot@=\count273
LaTeX Info: Redefining \overline on input line 399.
LaTeX Info: Redefining \colon on input line 410.
\classnum@=\count274
\DOTSCASE@=\count275
LaTeX Info: Redefining \ldots on input line 496.
LaTeX Info: Redefining \dots on input line 499.
LaTeX Info: Redefining \cdots on input line 620.
\Mathstrutbox@=\box55
\strutbox@=\box56
LaTeX Info: Redefining \big on input line 722.
LaTeX Info: Redefining \Big on input line 723.
LaTeX Info: Redefining \bigg on input line 724.
LaTeX Info: Redefining \Bigg on input line 725.
\big@size=\dimen148
LaTeX Font Info:    Redeclaring font encoding OML on input line 743.
LaTeX Font Info:    Redeclaring font encoding OMS on input line 744.
\macc@depth=\count276
LaTeX Info: Redefining \bmod on input line 905.
LaTeX Info: Redefining \pmod on input line 910.
LaTeX Info: Redefining \smash on input line 940.
LaTeX Info: Redefining \relbar on input line 970.
LaTeX Info: Redefining \Relbar on input line 971.
\c@MaxMatrixCols=\count277
\dotsspace@=\muskip16
\c@parentequation=\count278
\dspbrk@lvl=\count279
\tag@help=\toks33
\row@=\count280
\column@=\count281
\maxfields@=\count282
\andhelp@=\toks34
\eqnshift@=\dimen149
\alignsep@=\dimen150
\tagshift@=\dimen151
\tagwidth@=\dimen152
\totwidth@=\dimen153
\lineht@=\dimen154
\@envbody=\toks35
\multlinegap=\skip67
\multlinetaggap=\skip68
\mathdisplay@stack=\toks36
LaTeX Info: Redefining \[ on input line 2953.
LaTeX Info: Redefining \] on input line 2954.
) (d:/texlive/2024/texmf-dist/tex/latex/tools/bm.sty
Package: bm 2023/07/08 v1.2f Bold Symbol Support (DPC/FMi)
\symboldoperators=\mathgroup6
\symboldletters=\mathgroup7
\symboldsymbols=\mathgroup8
Package bm Info: No bold for \OMX/cmex/m/n, using \pmb.
Package bm Info: No bold for \U/msa/m/n, using \pmb.
Package bm Info: No bold for \U/msb/m/n, using \pmb.
LaTeX Font Info:    Redeclaring math alphabet \mathbf on input line 149.
) (d:/texlive/2024/texmf-dist/tex/latex/amsfonts/amssymb.sty
Package: amssymb 2013/01/14 v3.01 AMS font symbols
) (d:/texlive/2024/texmf-dist/tex/latex/jknapltx/mathrsfs.sty
Package: mathrsfs 1996/01/01 Math RSFS package v1.0 (jk)
\symrsfs=\mathgroup9
) (d:/texlive/2024/texmf-dist/tex/latex/base/latexsym.sty
Package: latexsym 1998/08/17 v2.2e Standard LaTeX package (lasy symbols)
\symlasy=\mathgroup10
LaTeX Font Info:    Overwriting symbol font `lasy' in version `bold'
(Font)                  U/lasy/m/n --> U/lasy/b/n on input line 52.
) (d:/texlive/2024/texmf-dist/tex/latex/tools/longtable.sty
Package: longtable 2023-11-01 v4.19 Multi-page Table package (DPC)
\LTleft=\skip69
\LTright=\skip70
\LTpre=\skip71
\LTpost=\skip72
\LTchunksize=\count283
\LTcapwidth=\dimen155
\LT@head=\box57
\LT@firsthead=\box58
\LT@foot=\box59
\LT@lastfoot=\box60
\LT@gbox=\box61
\LT@cols=\count284
\LT@rows=\count285
\c@LT@tables=\count286
\c@LT@chunks=\count287
\LT@p@ftn=\toks37
) (d:/texlive/2024/texmf-dist/tex/latex/multirow/multirow.sty
Package: multirow 2021/03/15 v2.8 Span multiple rows of a table
\multirow@colwidth=\skip73
\multirow@cntb=\count288
\multirow@dima=\skip74
\bigstrutjot=\dimen156
) (d:/texlive/2024/texmf-dist/tex/latex/tools/hhline.sty
Package: hhline 2020/01/04 v2.04 Table rule package (DPC)
) (d:/texlive/2024/texmf-dist/tex/latex/tools/tabularx.sty
Package: tabularx 2023/07/08 v2.11c `tabularx' package (DPC)
 (d:/texlive/2024/texmf-dist/tex/latex/tools/array.sty
Package: array 2023/10/16 v2.5g Tabular extension package (FMi)
\col@sep=\dimen157
\ar@mcellbox=\box62
\extrarowheight=\dimen158
\NC@list=\toks38
\extratabsurround=\skip75
\backup@length=\skip76
\ar@cellbox=\box63
)
\TX@col@width=\dimen159
\TX@old@table=\dimen160
\TX@old@col=\dimen161
\TX@target=\dimen162
\TX@delta=\dimen163
\TX@cols=\count289
\TX@ftn=\toks39
) (d:/texlive/2024/texmf-dist/tex/latex/base/flafter.sty
Package: flafter 2021/07/31 v1.4e Standard LaTeX floats after reference (FMi)
Applying: [2015/01/01] float order in 2-column on input line 49.
Already applied: [0000/00/00] float order in 2-column on input line 151.
) (d:/texlive/2024/texmf-dist/tex/latex/psnfss/pifont.sty
Package: pifont 2020/03/25 PSNFSS-v9.3 Pi font support (SPQR) 
LaTeX Font Info:    Trying to load font information for U+pzd on input line 63.
 (d:/texlive/2024/texmf-dist/tex/latex/psnfss/upzd.fd
File: upzd.fd 2001/06/04 font definitions for U/pzd.
)
LaTeX Font Info:    Trying to load font information for U+psy on input line 64.
 (d:/texlive/2024/texmf-dist/tex/latex/psnfss/upsy.fd
File: upsy.fd 2001/06/04 font definitions for U/psy.
)) (d:/texlive/2024/texmf-dist/tex/latex/tools/calc.sty
Package: calc 2023/07/08 v4.3 Infix arithmetic (KKT,FJ)
\calc@Acount=\count290
\calc@Bcount=\count291
\calc@Adimen=\dimen164
\calc@Bdimen=\dimen165
\calc@Askip=\skip77
\calc@Bskip=\skip78
LaTeX Info: Redefining \setlength on input line 80.
LaTeX Info: Redefining \addtolength on input line 81.
\calc@Ccount=\count292
\calc@Cskip=\skip79
) (d:/texlive/2024/texmf-dist/tex/latex/colortbl/colortbl.sty
Package: colortbl 2024/02/20 v1.0g Color table columns (DPC)
 (d:/texlive/2024/texmf-dist/tex/latex/graphics/color.sty
Package: color 2022/01/06 v1.3d Standard LaTeX Color (DPC)
 (d:/texlive/2024/texmf-dist/tex/latex/graphics-cfg/color.cfg
File: color.cfg 2016/01/02 v1.6 sample color configuration
)
Package color Info: Driver file: xetex.def on input line 149.
 (d:/texlive/2024/texmf-dist/tex/latex/graphics-def/xetex.def
File: xetex.def 2022/09/22 v5.0n Graphics/color driver for xetex
) (d:/texlive/2024/texmf-dist/tex/latex/graphics/mathcolor.ltx))
\everycr=\toks40
\minrowclearance=\skip80
\rownum=\count293
) (d:/texlive/2024/texmf-dist/tex/latex/booktabs/booktabs.sty
Package: booktabs 2020/01/12 v1.61803398 Publication quality tables
\heavyrulewidth=\dimen166
\lightrulewidth=\dimen167
\cmidrulewidth=\dimen168
\belowrulesep=\dimen169
\belowbottomsep=\dimen170
\aboverulesep=\dimen171
\abovetopsep=\dimen172
\cmidrulesep=\dimen173
\cmidrulekern=\dimen174
\defaultaddspace=\dimen175
\@cmidla=\count294
\@cmidlb=\count295
\@aboverulesep=\dimen176
\@belowrulesep=\dimen177
\@thisruleclass=\count296
\@lastruleclass=\count297
\@thisrulewidth=\dimen178
) (d:/texlive/2024/texmf-dist/tex/latex/geometry/geometry.sty
Package: geometry 2020/01/02 v5.9 Page Geometry
 (d:/texlive/2024/texmf-dist/tex/generic/iftex/ifvtex.sty
Package: ifvtex 2019/10/25 v1.7 ifvtex legacy package. Use iftex instead.
 (d:/texlive/2024/texmf-dist/tex/generic/iftex/iftex.sty
Package: iftex 2022/02/03 v1.0f TeX engine tests
))
\Gm@cnth=\count298
\Gm@cntv=\count299
\c@Gm@tempcnt=\count300
\Gm@bindingoffset=\dimen179
\Gm@wd@mp=\dimen180
\Gm@odd@mp=\dimen181
\Gm@even@mp=\dimen182
\Gm@layoutwidth=\dimen183
\Gm@layoutheight=\dimen184
\Gm@layouthoffset=\dimen185
\Gm@layoutvoffset=\dimen186
\Gm@dimlist=\toks41
) (d:/texlive/2024/texmf-dist/tex/latex/base/fontenc.sty
Package: fontenc 2021/04/29 v2.0v Standard LaTeX package
LaTeX Font Info:    Trying to load font information for T1+lmr on input line 112.
 (d:/texlive/2024/texmf-dist/tex/latex/lm/t1lmr.fd
File: t1lmr.fd 2015/05/01 v1.6.1 Font defs for Latin Modern
)) (d:/texlive/2024/texmf-dist/tex/latex/bera/berasans.sty
Package: berasans 2004/01/30 (WaS)
) (d:/texlive/2024/texmf-dist/tex/latex/hyperref/hyperref.sty
Package: hyperref 2024-01-20 v7.01h Hypertext links for LaTeX
 (d:/texlive/2024/texmf-dist/tex/latex/kvsetkeys/kvsetkeys.sty
Package: kvsetkeys 2022-10-05 v1.19 Key value parser (HO)
) (d:/texlive/2024/texmf-dist/tex/generic/kvdefinekeys/kvdefinekeys.sty
Package: kvdefinekeys 2019-12-19 v1.6 Define keys (HO)
) (d:/texlive/2024/texmf-dist/tex/generic/pdfescape/pdfescape.sty
Package: pdfescape 2019/12/09 v1.15 Implements pdfTeX's escape features (HO)
 (d:/texlive/2024/texmf-dist/tex/generic/ltxcmds/ltxcmds.sty
Package: ltxcmds 2023-12-04 v1.26 LaTeX kernel commands for general use (HO)
) (d:/texlive/2024/texmf-dist/tex/generic/pdftexcmds/pdftexcmds.sty
Package: pdftexcmds 2020-06-27 v0.33 Utility functions of pdfTeX for LuaTeX (HO)
 (d:/texlive/2024/texmf-dist/tex/generic/infwarerr/infwarerr.sty
Package: infwarerr 2019/12/03 v1.5 Providing info/warning/error messages (HO)
)
Package pdftexcmds Info: \pdf@primitive is available.
Package pdftexcmds Info: \pdf@ifprimitive is available.
Package pdftexcmds Info: \pdfdraftmode not found.
)) (d:/texlive/2024/texmf-dist/tex/latex/hycolor/hycolor.sty
Package: hycolor 2020-01-27 v1.10 Color options for hyperref/bookmark (HO)
) (d:/texlive/2024/texmf-dist/tex/latex/auxhook/auxhook.sty
Package: auxhook 2019-12-17 v1.6 Hooks for auxiliary files (HO)
) (d:/texlive/2024/texmf-dist/tex/latex/hyperref/nameref.sty
Package: nameref 2023-11-26 v2.56 Cross-referencing by name of section
 (d:/texlive/2024/texmf-dist/tex/latex/refcount/refcount.sty
Package: refcount 2019/12/15 v3.6 Data extraction from label references (HO)
) (d:/texlive/2024/texmf-dist/tex/generic/gettitlestring/gettitlestring.sty
Package: gettitlestring 2019/12/15 v1.6 Cleanup title references (HO)
 (d:/texlive/2024/texmf-dist/tex/latex/kvoptions/kvoptions.sty
Package: kvoptions 2022-06-15 v3.15 Key value format for package options (HO)
))
\c@section@level=\count301
)
\@linkdim=\dimen187
\Hy@linkcounter=\count302
\Hy@pagecounter=\count303
 (d:/texlive/2024/texmf-dist/tex/latex/hyperref/pd1enc.def
File: pd1enc.def 2024-01-20 v7.01h Hyperref: PDFDocEncoding definition (HO)
) (d:/texlive/2024/texmf-dist/tex/generic/intcalc/intcalc.sty
Package: intcalc 2019/12/15 v1.3 Expandable calculations with integers (HO)
)
\Hy@SavedSpaceFactor=\count304
 (d:/texlive/2024/texmf-dist/tex/latex/hyperref/puenc.def
File: puenc.def 2024-01-20 v7.01h Hyperref: PDF Unicode definition (HO)
)
Package hyperref Info: Hyper figures OFF on input line 4179.
Package hyperref Info: Link nesting OFF on input line 4184.
Package hyperref Info: Hyper index ON on input line 4187.
Package hyperref Info: Plain pages OFF on input line 4194.
Package hyperref Info: Backreferencing OFF on input line 4199.
Package hyperref Info: Implicit mode ON; LaTeX internals redefined.
Package hyperref Info: Bookmarks ON on input line 4446.
\c@Hy@tempcnt=\count305
 (d:/texlive/2024/texmf-dist/tex/latex/url/url.sty
\Urlmuskip=\muskip17
Package: url 2013/09/16  ver 3.4  Verb mode for urls, etc.
)
LaTeX Info: Redefining \url on input line 4784.
\XeTeXLinkMargin=\dimen188
 (d:/texlive/2024/texmf-dist/tex/generic/bitset/bitset.sty
Package: bitset 2019/12/09 v1.3 Handle bit-vector datatype (HO)
 (d:/texlive/2024/texmf-dist/tex/generic/bigintcalc/bigintcalc.sty
Package: bigintcalc 2019/12/15 v1.5 Expandable calculations on big integers (HO)
))
\Fld@menulength=\count306
\Field@Width=\dimen189
\Fld@charsize=\dimen190
Package hyperref Info: Hyper figures OFF on input line 6063.
Package hyperref Info: Link nesting OFF on input line 6068.
Package hyperref Info: Hyper index ON on input line 6071.
Package hyperref Info: backreferencing OFF on input line 6078.
Package hyperref Info: Link coloring OFF on input line 6083.
Package hyperref Info: Link coloring with OCG OFF on input line 6088.
Package hyperref Info: PDF/A mode OFF on input line 6093.
 (d:/texlive/2024/texmf-dist/tex/latex/base/atbegshi-ltx.sty
Package: atbegshi-ltx 2021/01/10 v1.0c Emulation of the original atbegshi
package with kernel methods
)
\Hy@abspage=\count307
\c@Item=\count308
\c@Hfootnote=\count309
)
Package hyperref Info: Driver (autodetected): hxetex.
 (d:/texlive/2024/texmf-dist/tex/latex/hyperref/hxetex.def
File: hxetex.def 2024-01-20 v7.01h Hyperref driver for XeTeX
 (d:/texlive/2024/texmf-dist/tex/generic/stringenc/stringenc.sty
Package: stringenc 2019/11/29 v1.12 Convert strings between diff. encodings (HO)
)
\pdfm@box=\box64
\c@Hy@AnnotLevel=\count310
\HyField@AnnotCount=\count311
\Fld@listcount=\count312
\c@bookmark@seq@number=\count313
 (d:/texlive/2024/texmf-dist/tex/latex/rerunfilecheck/rerunfilecheck.sty
Package: rerunfilecheck 2022-07-10 v1.10 Rerun checks for auxiliary files (HO)
 (d:/texlive/2024/texmf-dist/tex/latex/base/atveryend-ltx.sty
Package: atveryend-ltx 2020/08/19 v1.0a Emulation of the original atveryend package
with kernel methods
) (d:/texlive/2024/texmf-dist/tex/generic/uniquecounter/uniquecounter.sty
Package: uniquecounter 2019/12/15 v1.4 Provide unlimited unique counter (HO)
)
Package uniquecounter Info: New unique counter `rerunfilecheck' on input line 285.
)
\Hy@SectionHShift=\skip81
) (d:/texlive/2024/texmf-dist/tex/generic/iftex/ifpdf.sty
Package: ifpdf 2019/10/25 v3.4 ifpdf legacy package. Use iftex instead.
) (d:/texlive/2024/texmf-dist/tex/generic/iftex/ifxetex.sty
Package: ifxetex 2019/10/25 v0.7 ifxetex legacy package. Use iftex instead.
) (d:/texlive/2024/texmf-dist/tex/latex/environ/environ.sty
Package: environ 2014/05/04 v0.3 A new way to define environments
 (d:/texlive/2024/texmf-dist/tex/latex/trimspaces/trimspaces.sty
Package: trimspaces 2009/09/17 v1.1 Trim spaces around a token list
)) (d:/texlive/2024/texmf-dist/tex/latex/graphics/graphicx.sty
Package: graphicx 2021/09/16 v1.2d Enhanced LaTeX Graphics (DPC,SPQR)
 (d:/texlive/2024/texmf-dist/tex/latex/graphics/graphics.sty
Package: graphics 2022/03/10 v1.4e Standard LaTeX Graphics (DPC,SPQR)
 (d:/texlive/2024/texmf-dist/tex/latex/graphics/trig.sty
Package: trig 2021/08/11 v1.11 sin cos tan (DPC)
) (d:/texlive/2024/texmf-dist/tex/latex/graphics-cfg/graphics.cfg
File: graphics.cfg 2016/06/04 v1.11 sample graphics configuration
)
Package graphics Info: Driver file: xetex.def on input line 107.
)
\Gin@req@height=\dimen191
\Gin@req@width=\dimen192
) (d:/texlive/2024/texmf-dist/tex/latex/xcolor/xcolor.sty
Package: xcolor 2023/11/15 v3.01 LaTeX color extensions (UK)
 (d:/texlive/2024/texmf-dist/tex/latex/graphics-cfg/color.cfg
File: color.cfg 2016/01/02 v1.6 sample color configuration
)
Package xcolor Info: Driver file: xetex.def on input line 274.
LaTeX Info: Redefining \color on input line 758.
 (d:/texlive/2024/texmf-dist/tex/latex/graphics/mathcolor.ltx)
Package xcolor Info: Model `cmy' substituted by `cmy0' on input line 1350.
Package xcolor Info: Model `RGB' extended on input line 1366.
Package xcolor Info: Model `HTML' substituted by `rgb' on input line 1368.
Package xcolor Info: Model `Hsb' substituted by `hsb' on input line 1369.
Package xcolor Info: Model `tHsb' substituted by `hsb' on input line 1370.
Package xcolor Info: Model `HSB' substituted by `hsb' on input line 1371.
Package xcolor Info: Model `Gray' substituted by `gray' on input line 1372.
Package xcolor Info: Model `wave' substituted by `hsb' on input line 1373.
) (d:/texlive/2024/texmf-dist/tex/latex/xcolor/svgnam.def
File: svgnam.def 2023/11/15 v3.01 Predefined colors according to SVG 1.1 (UK)
)
\c@Theorem=\count314
 (d:/texlive/2024/texmf-dist/tex/latex/listings/lstlang1.sty
File: lstlang1.sty 2024/02/21 1.10 listings language file
) (d:/texlive/2024/texmf-dist/tex/latex/listings/lstmisc.sty
File: lstmisc.sty 2024/02/21 1.10 (Carsten Heinz)
)
LaTeX Info: Redefining \AIcite on input line 350.
) (d:/texlive/2024/texmf-dist/tex/latex/newtx/newtxtext.sty
Package: newtxtext 2024/02/08 v1.738(Michael Sharpe) latex and unicode latex support for TeXGyreTermesX
 `newtxtext' v1.738, 2024/02/08 Text macros taking advantage of TeXGyre Termes and its extensions (msharpe) (d:/texlive/2024/texmf-dist/tex/latex/xpatch/xpatch.sty (d:/texlive/2024/texmf-dist/tex/latex/l3kernel/expl3.sty
Package: expl3 2024-02-20 L3 programming layer (loader) 
 (d:/texlive/2024/texmf-dist/tex/latex/l3backend/l3backend-xetex.def
File: l3backend-xetex.def 2024-02-20 L3 backend support: XeTeX
\g__graphics_track_int=\count315
\l__pdf_internal_box=\box65
\g__pdf_backend_object_int=\count316
\g__pdf_backend_annotation_int=\count317
\g__pdf_backend_link_int=\count318
))
Package: xpatch 2020/03/25 v0.3a Extending etoolbox patching commands
 (d:/texlive/2024/texmf-dist/tex/latex/l3packages/xparse/xparse.sty
Package: xparse 2024-02-18 L3 Experimental document command parser
)) (d:/texlive/2024/texmf-dist/tex/latex/base/textcomp.sty
Package: textcomp 2020/02/02 v2.0n Standard LaTeX package
) (d:/texlive/2024/texmf-dist/tex/generic/xstring/xstring.sty (d:/texlive/2024/texmf-dist/tex/generic/xstring/xstring.tex
\xs_counta=\count319
\xs_countb=\count320
)
Package: xstring 2023/08/22 v1.86 String manipulations (CT)
) (d:/texlive/2024/texmf-dist/tex/latex/carlisle/scalefnt.sty)
LaTeX Font Info:    Setting ntxLF sub-encoding to TS1/0 on input line 24.
LaTeX Font Info:    Setting ntxTLF sub-encoding to TS1/0 on input line 24.
LaTeX Font Info:    Setting ntxOsF sub-encoding to TS1/0 on input line 24.
LaTeX Font Info:    Setting ntxTOsF sub-encoding to TS1/0 on input line 24.
 (d:/texlive/2024/texmf-dist/tex/generic/kastrup/binhex.tex)
\ntx@tmpcnta=\count321
\ntx@cnt=\count322
 (d:/texlive/2024/texmf-dist/tex/latex/fontspec/fontspec.sty
Package: fontspec 2024/02/13 v2.9a Font selection for XeLaTeX and LuaLaTeX
 (d:/texlive/2024/texmf-dist/tex/latex/fontspec/fontspec-xetex.sty
Package: fontspec-xetex 2024/02/13 v2.9a Font selection for XeLaTeX and LuaLaTeX
\l__fontspec_script_int=\count323
\l__fontspec_language_int=\count324
\l__fontspec_strnum_int=\count325
\l__fontspec_tmp_int=\count326
\l__fontspec_tmpa_int=\count327
\l__fontspec_tmpb_int=\count328
\l__fontspec_tmpc_int=\count329
\l__fontspec_em_int=\count330
\l__fontspec_emdef_int=\count331
\l__fontspec_strong_int=\count332
\l__fontspec_strongdef_int=\count333
\l__fontspec_tmpa_dim=\dimen193
\l__fontspec_tmpb_dim=\dimen194
\l__fontspec_tmpc_dim=\dimen195
 (d:/texlive/2024/texmf-dist/tex/latex/base/fontenc.sty
Package: fontenc 2021/04/29 v2.0v Standard LaTeX package
) (d:/texlive/2024/texmf-dist/tex/latex/fontspec/fontspec.cfg)))
LaTeX Info: Redefining \oldstylenums on input line 605.
LaTeX Info: Redefining \liningnums on input line 609.
\tx@sixem=\dimen196
\tx@y=\dimen197
\tx@x=\dimen198
\tx@tmpdima=\dimen199
\tx@tmpdimb=\dimen256
\tx@tmpdimc=\dimen257
\tx@tmpdimd=\dimen258
\tx@tmpdime=\dimen259
\tx@tmpdimf=\dimen260
\tx@dimA=\dimen261
\tx@dimAA=\dimen262
\tx@dimB=\dimen263
\tx@dimBB=\dimen264
\tx@dimC=\dimen265
) (d:/texlive/2024/texmf-dist/tex/latex/biblatex/biblatex.sty
Package: biblatex 2023/03/05 v3.19 programmable bibliographies (PK/MW)
 (d:/texlive/2024/texmf-dist/tex/latex/logreq/logreq.sty
Package: logreq 2010/08/04 v1.0 xml request logger
\lrq@indent=\count334
 (d:/texlive/2024/texmf-dist/tex/latex/logreq/logreq.def
File: logreq.def 2010/08/04 v1.0 logreq spec v1.0
))
\c@tabx@nest=\count335
\c@listtotal=\count336
\c@listcount=\count337
\c@liststart=\count338
\c@liststop=\count339
\c@citecount=\count340
\c@citetotal=\count341
\c@multicitecount=\count342
\c@multicitetotal=\count343
\c@instcount=\count344
\c@maxnames=\count345
\c@minnames=\count346
\c@maxitems=\count347
\c@minitems=\count348
\c@citecounter=\count349
\c@maxcitecounter=\count350
\c@savedcitecounter=\count351
\c@uniquelist=\count352
\c@uniquename=\count353
\c@refsection=\count354
\c@refsegment=\count355
\c@maxextratitle=\count356
\c@maxextratitleyear=\count357
\c@maxextraname=\count358
\c@maxextradate=\count359
\c@maxextraalpha=\count360
\c@abbrvpenalty=\count361
\c@highnamepenalty=\count362
\c@lownamepenalty=\count363
\c@maxparens=\count364
\c@parenlevel=\count365
\blx@tempcnta=\count366
\blx@tempcntb=\count367
\blx@tempcntc=\count368
\c@blx@maxsection=\count369
\blx@maxsegment@0=\count370
\blx@notetype=\count371
\blx@parenlevel@text=\count372
\blx@parenlevel@foot=\count373
\blx@sectionciteorder@0=\count374
\blx@sectionciteorderinternal@0=\count375
\blx@entrysetcounter=\count376
\blx@biblioinstance=\count377
\labelnumberwidth=\skip82
\labelalphawidth=\skip83
\biblabelsep=\skip84
\bibitemsep=\skip85
\bibnamesep=\skip86
\bibinitsep=\skip87
\bibparsep=\skip88
\bibhang=\skip89
\blx@bcfin=\read3
\blx@bcfout=\write4
\blx@langwohyphens=\language89
\c@mincomprange=\count378
\c@maxcomprange=\count379
\c@mincompwidth=\count380
Package biblatex Info: Trying to load biblatex default data model...
Package biblatex Info: ... file 'blx-dm.def' found.
 (d:/texlive/2024/texmf-dist/tex/latex/biblatex/blx-dm.def
File: blx-dm.def 2023/03/05 v3.19 biblatex localization (PK/MW)
)
Package biblatex Info: Trying to load biblatex custom data model...
Package biblatex Info: ... file 'biblatex-dm.cfg' not found.
\c@afterword=\count381
\c@savedafterword=\count382
\c@annotator=\count383
\c@savedannotator=\count384
\c@author=\count385
\c@savedauthor=\count386
\c@bookauthor=\count387
\c@savedbookauthor=\count388
\c@commentator=\count389
\c@savedcommentator=\count390
\c@editor=\count391
\c@savededitor=\count392
\c@editora=\count393
\c@savededitora=\count394
\c@editorb=\count395
\c@savededitorb=\count396
\c@editorc=\count397
\c@savededitorc=\count398
\c@foreword=\count399
\c@savedforeword=\count400
\c@holder=\count401
\c@savedholder=\count402
\c@introduction=\count403
\c@savedintroduction=\count404
\c@namea=\count405
\c@savednamea=\count406
\c@nameb=\count407
\c@savednameb=\count408
\c@namec=\count409
\c@savednamec=\count410
\c@translator=\count411
\c@savedtranslator=\count412
\c@shortauthor=\count413
\c@savedshortauthor=\count414
\c@shorteditor=\count415
\c@savedshorteditor=\count416
\c@labelname=\count417
\c@savedlabelname=\count418
\c@institution=\count419
\c@savedinstitution=\count420
\c@lista=\count421
\c@savedlista=\count422
\c@listb=\count423
\c@savedlistb=\count424
\c@listc=\count425
\c@savedlistc=\count426
\c@listd=\count427
\c@savedlistd=\count428
\c@liste=\count429
\c@savedliste=\count430
\c@listf=\count431
\c@savedlistf=\count432
\c@location=\count433
\c@savedlocation=\count434
\c@organization=\count435
\c@savedorganization=\count436
\c@origlocation=\count437
\c@savedoriglocation=\count438
\c@origpublisher=\count439
\c@savedorigpublisher=\count440
\c@publisher=\count441
\c@savedpublisher=\count442
\c@language=\count443
\c@savedlanguage=\count444
\c@origlanguage=\count445
\c@savedoriglanguage=\count446
\c@pageref=\count447
\c@savedpageref=\count448
\shorthandwidth=\skip90
\shortjournalwidth=\skip91
\shortserieswidth=\skip92
\shorttitlewidth=\skip93
\shortauthorwidth=\skip94
\shorteditorwidth=\skip95
\locallabelnumberwidth=\skip96
\locallabelalphawidth=\skip97
\localshorthandwidth=\skip98
\localshortjournalwidth=\skip99
\localshortserieswidth=\skip100
\localshorttitlewidth=\skip101
\localshortauthorwidth=\skip102
\localshorteditorwidth=\skip103
Package biblatex Info: Trying to load enhanced support for Unicode engines...
Package biblatex Info: ... file 'blx-unicode.def' found.
 (d:/texlive/2024/texmf-dist/tex/latex/biblatex/blx-unicode.def)
Package biblatex Info: Trying to load compatibility code...
Package biblatex Info: ... file 'blx-compat.def' found.
 (d:/texlive/2024/texmf-dist/tex/latex/biblatex/blx-compat.def
File: blx-compat.def 2023/03/05 v3.19 biblatex compatibility (PK/MW)
)
Package biblatex Info: Trying to load BibTeX backend compatibility...
Package biblatex Info: ... file 'blx-bibtex.def' found.
 (d:/texlive/2024/texmf-dist/tex/latex/biblatex/blx-bibtex.def
File: blx-bibtex.def 2023/03/05 v3.19 biblatex compatibility (PK/MW)


Package biblatex Warning: Using fall-back bibtex backend:
(biblatex)                functionality may be reduced/unavailable.

)
Package biblatex Info: Trying to load generic definitions...
Package biblatex Info: ... file 'biblatex.def' found.
 (d:/texlive/2024/texmf-dist/tex/latex/biblatex/biblatex.def
File: biblatex.def 2023/03/05 v3.19 biblatex compatibility (PK/MW)
\c@textcitecount=\count449
\c@textcitetotal=\count450
\c@textcitemaxnames=\count451
\c@biburlbigbreakpenalty=\count452
\c@biburlbreakpenalty=\count453
\c@biburlnumpenalty=\count454
\c@biburlucpenalty=\count455
\c@biburllcpenalty=\count456
\biburlbigskip=\muskip18
\biburlnumskip=\muskip19
\biburlucskip=\muskip20
\biburllcskip=\muskip21
\c@smartand=\count457
)
Package biblatex Info: Trying to load bibliography style 'numeric'...
Package biblatex Info: ... file 'numeric.bbx' found.
 (d:/texlive/2024/texmf-dist/tex/latex/biblatex/bbx/numeric.bbx
File: numeric.bbx 2023/03/05 v3.19 biblatex bibliography style (PK/MW)
Package biblatex Info: Trying to load bibliography style 'standard'...
Package biblatex Info: ... file 'standard.bbx' found.
 (d:/texlive/2024/texmf-dist/tex/latex/biblatex/bbx/standard.bbx
File: standard.bbx 2023/03/05 v3.19 biblatex bibliography style (PK/MW)
\c@bbx:relatedcount=\count458
\c@bbx:relatedtotal=\count459
))
Package biblatex Info: Trying to load citation style 'numeric'...
Package biblatex Info: ... file 'numeric.cbx' found.
 (d:/texlive/2024/texmf-dist/tex/latex/biblatex/cbx/numeric.cbx
File: numeric.cbx 2023/03/05 v3.19 biblatex citation style (PK/MW)
Package biblatex Info: Redefining '\cite'.
Package biblatex Info: Redefining '\parencite'.
Package biblatex Info: Redefining '\footcite'.
Package biblatex Info: Redefining '\footcitetext'.
Package biblatex Info: Redefining '\smartcite'.
Package biblatex Info: Redefining '\supercite'.
Package biblatex Info: Redefining '\textcite'.
Package biblatex Info: Redefining '\textcites'.
Package biblatex Info: Redefining '\cites'.
Package biblatex Info: Redefining '\parencites'.
Package biblatex Info: Redefining '\smartcites'.
)
Package biblatex Info: Trying to load configuration file...
Package biblatex Info: ... file 'biblatex.cfg' found.
 (d:/texlive/2024/texmf-dist/tex/latex/biblatex/biblatex.cfg
File: biblatex.cfg 
)
Package biblatex Info: XeTeX detected.
(biblatex)             Assuming input encoding 'utf8'.
Package biblatex Info: Document encoding is UTF8 ....
Package biblatex Info: ... and expl3
(biblatex)             2024-02-20 L3 programming layer (loader) 
(biblatex)             is new enough (at least 2020/04/06),
(biblatex)             setting 'casechanger=expl3'.
 (d:/texlive/2024/texmf-dist/tex/latex/biblatex/blx-case-expl3.sty
Package: blx-case-expl3 2023/03/05 v3.19 expl3 case changing code for biblatex
)) (d:/texlive/2024/texmf-dist/tex/latex/tocloft/tocloft.sty
Package: tocloft 2017/08/31 v2.3i parameterised ToC, etc., typesetting
Package tocloft Info: The document has section divisions on input line 51.
\cftparskip=\skip104
\cftbeforetoctitleskip=\skip105
\cftaftertoctitleskip=\skip106
\cftbeforepartskip=\skip107
\cftpartnumwidth=\skip108
\cftpartindent=\skip109
\cftbeforesecskip=\skip110
\cftsecindent=\skip111
\cftsecnumwidth=\skip112
\cftbeforesubsecskip=\skip113
\cftsubsecindent=\skip114
\cftsubsecnumwidth=\skip115
\cftbeforesubsubsecskip=\skip116
\cftsubsubsecindent=\skip117
\cftsubsubsecnumwidth=\skip118
\cftbeforeparaskip=\skip119
\cftparaindent=\skip120
\cftparanumwidth=\skip121
\cftbeforesubparaskip=\skip122
\cftsubparaindent=\skip123
\cftsubparanumwidth=\skip124
\cftbeforeloftitleskip=\skip125
\cftafterloftitleskip=\skip126
\cftbeforefigskip=\skip127
\cftfigindent=\skip128
\cftfignumwidth=\skip129
\c@lofdepth=\count460
\c@lotdepth=\count461
\cftbeforelottitleskip=\skip130
\cftafterlottitleskip=\skip131
\cftbeforetabskip=\skip132
\cfttabindent=\skip133
\cfttabnumwidth=\skip134
) (d:/texlive/2024/texmf-dist/tex/latex/lastpage/lastpage.sty
Package: lastpage 2023/10/14 v2.0e lastpage: 2.09 or 2e? (HMM)
 (d:/texlive/2024/texmf-dist/tex/latex/lastpage/lastpage2e.sty
Package: lastpage2e 2023/10/14 v2.0e Decide which 2e lastpage version to use (HMM)
 (d:/texlive/2024/texmf-dist/tex/latex/lastpage/lastpagemodern.sty
Package: lastpagemodern 2023-10-14 v2.0e Refers to last page's name (HMM; JPG)
\c@lastpagecount=\count462
) 
)) (d:/texlive/2024/texmf-dist/tex/latex/newtx/TeXGyreTermesX.fontspec)

Package fontspec Info: TeXGyreTermesX-Regular scale = 1.


Package fontspec Info: TeXGyreTermesX-Regular scale = 1.


Package fontspec Info: TeXGyreTermesX-Regular scale = 1.


Package fontspec Info: TeXGyreTermesX-Bold scale = 1.


Package fontspec Info: TeXGyreTermesX-Bold scale = 1.


Package fontspec Info: TeXGyreTermesX-Italic scale = 1.


Package fontspec Info: TeXGyreTermesX-Italic scale = 1.


Package fontspec Info: TeXGyreTermesX-Slanted scale = 1.


Package fontspec Info: TeXGyreTermesX-Slanted scale = 1.


Package fontspec Info: TeXGyreTermesX-BoldItalic scale = 1.


Package fontspec Info: TeXGyreTermesX-BoldItalic scale = 1.


Package fontspec Info: TeXGyreTermesX-BoldSlanted scale = 1.


Package fontspec Info: TeXGyreTermesX-BoldSlanted scale = 1.


Package fontspec Info: Font family 'TeXGyreTermesX(0)' created for font
(fontspec)             'TeXGyreTermesX' with options [Ligatures = TeX,Scale =
(fontspec)             1,Extension = .otf,SmallCapsFeatures={RawFeature =
(fontspec)             +pcap},RawFeature=-ss05,Ligatures=TeX,Extension =
(fontspec)             .otf,UprightFont = TeXGyreTermesX-Regular,BoldFont =
(fontspec)             TeXGyreTermesX-Bold,ItalicFont =
(fontspec)             TeXGyreTermesX-Italic,BoldItalicFont =
(fontspec)             TeXGyreTermesX-BoldItalic,SlantedFont =
(fontspec)             *-Slanted,BoldSlantedFont= *-BoldSlanted,Numbers =
(fontspec)             {Monospaced,Lining}].
(fontspec)              
(fontspec)              This font family consists of the following NFSS
(fontspec)             series/shapes:
(fontspec)              
(fontspec)             - 'normal' (m/n) with NFSS spec.:
(fontspec)             <->s*[1]"[TeXGyreTermesX-Regular.otf]/OT:script=latn;language=dflt;-ss05;+tnum;+lnum;mapping=tex-text;"
(fontspec)             - 'small caps'  (m/sc) with NFSS spec.:
(fontspec)             <->s*[1]"[TeXGyreTermesX-Regular.otf]/OT:script=latn;language=dflt;-ss05;+tnum;+lnum;+smcp;+pcap;mapping=tex-text;"
(fontspec)             - 'bold' (b/n) with NFSS spec.:
(fontspec)             <->s*[1]"[TeXGyreTermesX-Bold.otf]/OT:script=latn;language=dflt;-ss05;+tnum;+lnum;mapping=tex-text;"
(fontspec)             - 'bold small caps'  (b/sc) with NFSS spec.:
(fontspec)             <->s*[1]"[TeXGyreTermesX-Bold.otf]/OT:script=latn;language=dflt;-ss05;+tnum;+lnum;+smcp;+pcap;mapping=tex-text;"
(fontspec)             - 'italic' (m/it) with NFSS spec.:
(fontspec)             <->s*[1]"[TeXGyreTermesX-Italic.otf]/OT:script=latn;language=dflt;-ss05;+tnum;+lnum;mapping=tex-text;"
(fontspec)             - 'italic small caps'  (m/scit) with NFSS spec.:
(fontspec)             <->s*[1]"[TeXGyreTermesX-Italic.otf]/OT:script=latn;language=dflt;-ss05;+tnum;+lnum;+smcp;+pcap;mapping=tex-text;"
(fontspec)             - 'slanted' (m/sl) with NFSS spec.:
(fontspec)             <->s*[1]"[TeXGyreTermesX-Slanted.otf]/OT:script=latn;language=dflt;-ss05;+tnum;+lnum;mapping=tex-text;"
(fontspec)             - 'slanted small caps'  (m/scsl) with NFSS spec.:
(fontspec)             <->s*[1]"[TeXGyreTermesX-Slanted.otf]/OT:script=latn;language=dflt;-ss05;+tnum;+lnum;+smcp;+pcap;mapping=tex-text;"
(fontspec)             - 'bold italic' (b/it) with NFSS spec.:
(fontspec)             <->s*[1]"[TeXGyreTermesX-BoldItalic.otf]/OT:script=latn;language=dflt;-ss05;+tnum;+lnum;mapping=tex-text;"
(fontspec)             - 'bold italic small caps'  (b/scit) with NFSS spec.:
(fontspec)             <->s*[1]"[TeXGyreTermesX-BoldItalic.otf]/OT:script=latn;language=dflt;-ss05;+tnum;+lnum;+smcp;+pcap;mapping=tex-text;"
(fontspec)             - 'bold slanted' (b/sl) with NFSS spec.:
(fontspec)             <->s*[1]"[TeXGyreTermesX-BoldSlanted.otf]/OT:script=latn;language=dflt;-ss05;+tnum;+lnum;mapping=tex-text;"
(fontspec)             - 'bold slanted small caps'  (b/scsl) with NFSS spec.:
(fontspec)             <->s*[1]"[TeXGyreTermesX-BoldSlanted.otf]/OT:script=latn;language=dflt;-ss05;+tnum;+lnum;+smcp;+pcap;mapping=tex-text;"

LaTeX Font Info:    Font shape `TU/TeXGyreTermesX(0)/m/n' will be
(Font)              scaled to size 12.0pt on input line 45.
\@quotelevel=\count463
\@quotereset=\count464
 (./2515374.aux)
\openout1 = `2515374.aux'.

LaTeX Font Info:    Checking defaults for OML/cmm/m/it on input line 45.
LaTeX Font Info:    ... okay on input line 45.
LaTeX Font Info:    Checking defaults for OMS/cmsy/m/n on input line 45.
LaTeX Font Info:    ... okay on input line 45.
LaTeX Font Info:    Checking defaults for OT1/cmr/m/n on input line 45.
LaTeX Font Info:    ... okay on input line 45.
LaTeX Font Info:    Checking defaults for T1/cmr/m/n on input line 45.
LaTeX Font Info:    ... okay on input line 45.
LaTeX Font Info:    Checking defaults for TS1/cmr/m/n on input line 45.
LaTeX Font Info:    Trying to load font information for TS1+cmr on input line 45.
 (d:/texlive/2024/texmf-dist/tex/latex/base/ts1cmr.fd
File: ts1cmr.fd 2023/04/13 v2.5m Standard LaTeX font definitions
)
LaTeX Font Info:    ... okay on input line 45.
LaTeX Font Info:    Checking defaults for TU/lmr/m/n on input line 45.
LaTeX Font Info:    ... okay on input line 45.
LaTeX Font Info:    Checking defaults for OMX/cmex/m/n on input line 45.
LaTeX Font Info:    ... okay on input line 45.
LaTeX Font Info:    Checking defaults for U/cmr/m/n on input line 45.
LaTeX Font Info:    ... okay on input line 45.
LaTeX Font Info:    Checking defaults for PD1/pdf/m/n on input line 45.
LaTeX Font Info:    ... okay on input line 45.
LaTeX Font Info:    Checking defaults for PU/pdf/m/n on input line 45.
LaTeX Font Info:    ... okay on input line 45.
\c@lstlisting=\count465

*geometry* driver: auto-detecting
*geometry* detected driver: xetex
*geometry* verbose mode - [ preamble ] result:
* driver: xetex
* paper: letterpaper
* layout: <same size as paper>
* layoutoffset:(h,v)=(0.0pt,0.0pt)
* modes: 
* h-part:(L,W,R)=(72.26999pt, 469.75502pt, 72.26999pt)
* v-part:(T,H,B)=(72.26999pt, 650.43001pt, 72.26999pt)
* \paperwidth=614.295pt
* \paperheight=794.96999pt
* \textwidth=469.75502pt
* \textheight=650.43001pt
* \oddsidemargin=0.0pt
* \evensidemargin=0.0pt
* \topmargin=-37.0pt
* \headheight=12.0pt
* \headsep=25.0pt
* \topskip=12.0pt
* \footskip=30.0pt
* \marginparwidth=44.0pt
* \marginparsep=10.0pt
* \columnsep=10.0pt
* \skip\footins=10.8pt plus 4.0pt minus 2.0pt
* \hoffset=0.0pt
* \voffset=0.0pt
* \mag=1000
* \@twocolumnfalse
* \@twosidefalse
* \@mparswitchfalse
* \@reversemarginfalse
* (1in=72.27pt=25.4mm, 1cm=28.453pt)

Package hyperref Info: Link coloring OFF on input line 45.
(./2515374.out) (./2515374.out)
\@outlinefile=\write5
\openout5 = `2515374.out'.


Package fontspec Info: Adjusting the maths setup (use [no-math] to avoid
(fontspec)             this).

\symlegacymaths=\mathgroup11
LaTeX Font Info:    Overwriting symbol font `legacymaths' in version `bold'
(Font)                  OT1/cmr/m/n --> OT1/cmr/bx/n on input line 45.
LaTeX Font Info:    Redeclaring math accent \acute on input line 45.
LaTeX Font Info:    Redeclaring math accent \grave on input line 45.
LaTeX Font Info:    Redeclaring math accent \ddot on input line 45.
LaTeX Font Info:    Redeclaring math accent \tilde on input line 45.
LaTeX Font Info:    Redeclaring math accent \bar on input line 45.
LaTeX Font Info:    Redeclaring math accent \breve on input line 45.
LaTeX Font Info:    Redeclaring math accent \check on input line 45.
LaTeX Font Info:    Redeclaring math accent \hat on input line 45.
LaTeX Font Info:    Redeclaring math accent \dot on input line 45.
LaTeX Font Info:    Redeclaring math accent \mathring on input line 45.
LaTeX Font Info:    Redeclaring math symbol \Gamma on input line 45.
LaTeX Font Info:    Redeclaring math symbol \Delta on input line 45.
LaTeX Font Info:    Redeclaring math symbol \Theta on input line 45.
LaTeX Font Info:    Redeclaring math symbol \Lambda on input line 45.
LaTeX Font Info:    Redeclaring math symbol \Xi on input line 45.
LaTeX Font Info:    Redeclaring math symbol \Pi on input line 45.
LaTeX Font Info:    Redeclaring math symbol \Sigma on input line 45.
LaTeX Font Info:    Redeclaring math symbol \Upsilon on input line 45.
LaTeX Font Info:    Redeclaring math symbol \Phi on input line 45.
LaTeX Font Info:    Redeclaring math symbol \Psi on input line 45.
LaTeX Font Info:    Redeclaring math symbol \Omega on input line 45.
LaTeX Font Info:    Redeclaring math symbol \mathdollar on input line 45.
LaTeX Font Info:    Redeclaring symbol font `operators' on input line 45.
LaTeX Font Info:    Encoding `OT1' has changed to `TU' for symbol font
(Font)              `operators' in the math version `normal' on input line 45.
LaTeX Font Info:    Overwriting symbol font `operators' in version `normal'
(Font)                  OT1/cmr/m/n --> TU/TeXGyreTermesX(0)/m/n on input line 45.
LaTeX Font Info:    Encoding `OT1' has changed to `TU' for symbol font
(Font)              `operators' in the math version `bold' on input line 45.
LaTeX Font Info:    Overwriting symbol font `operators' in version `bold'
(Font)                  OT1/cmr/bx/n --> TU/TeXGyreTermesX(0)/m/n on input line 45.
LaTeX Font Info:    Overwriting symbol font `operators' in version `normal'
(Font)                  TU/TeXGyreTermesX(0)/m/n --> TU/TeXGyreTermesX(0)/m/n on input line 45.
LaTeX Font Info:    Overwriting math alphabet `\mathit' in version `normal'
(Font)                  OT1/cmr/m/it --> TU/TeXGyreTermesX(0)/m/it on input line 45.
LaTeX Font Info:    Overwriting math alphabet `\mathbf' in version `normal'
(Font)                  OT1/cmr/bx/n --> TU/TeXGyreTermesX(0)/b/n on input line 45.
LaTeX Font Info:    Overwriting math alphabet `\mathsf' in version `normal'
(Font)                  OT1/cmss/m/n --> TU/lmss/m/n on input line 45.
LaTeX Font Info:    Overwriting math alphabet `\mathtt' in version `normal'
(Font)                  OT1/cmtt/m/n --> TU/lmtt/m/n on input line 45.
LaTeX Font Info:    Overwriting symbol font `operators' in version `bold'
(Font)                  TU/TeXGyreTermesX(0)/m/n --> TU/TeXGyreTermesX(0)/b/n on input line 45.
LaTeX Font Info:    Overwriting math alphabet `\mathit' in version `bold'
(Font)                  OT1/cmr/bx/it --> TU/TeXGyreTermesX(0)/b/it on input line 45.
LaTeX Font Info:    Overwriting math alphabet `\mathsf' in version `bold'
(Font)                  OT1/cmss/bx/n --> TU/lmss/b/n on input line 45.
LaTeX Font Info:    Overwriting math alphabet `\mathtt' in version `bold'
(Font)                  OT1/cmtt/m/n --> TU/lmtt/b/n on input line 45.
Package biblatex Info: Trying to load language 'english'...
Package biblatex Info: ... file 'english.lbx' found.
 (d:/texlive/2024/texmf-dist/tex/latex/biblatex/lbx/english.lbx
File: english.lbx 2023/03/05 v3.19 biblatex localization (PK/MW)
)
Package biblatex Info: XeTeX detected.
(biblatex)             Assuming input encoding 'utf8'.
Package biblatex Info: Automatic encoding selection.
(biblatex)             Assuming data encoding 'utf8'.
Package biblatex Info: XeTeX detected.
(biblatex)             Assuming input encoding 'utf8'.
Package biblatex Info: Data encoding 'utf8' specified.
(biblatex)             No need to reencode data.
\openout4 = `2515374-blx.bib'.

Package biblatex Info: Trying to load bibliographic data...
Package biblatex Info: ... file '2515374.bbl' found.
 (./2515374.bbl)
Package biblatex Info: Reference section=0 on input line 45.
Package biblatex Info: Reference segment=0 on input line 45.
 (./include/summary.tex)
LaTeX Font Info:    Font shape `TU/TeXGyreTermesX(0)/b/n' will be
(Font)              scaled to size 12.0pt on input line 49.
LaTeX Font Info:    Font shape `TU/TeXGyreTermesX(0)/m/n' will be
(Font)              scaled to size 17.28pt on input line 49.
LaTeX Font Info:    Font shape `TU/TeXGyreTermesX(0)/b/n' will be
(Font)              scaled to size 17.28pt on input line 49.
LaTeX Font Info:    Font shape `TU/TeXGyreTermesX(0)/m/n' will be
(Font)              scaled to size 20.74pt on input line 49.
 [1

]
LaTeX Font Info:    Font shape `TU/TeXGyreTermesX(0)/m/n' will be
(Font)              scaled to size 10.95pt on input line 49.


Package fancyhdr Warning: \headheight is too small (12.0pt): 
(fancyhdr)                Make it at least 13.59999pt, for example:
(fancyhdr)                \setlength{\headheight}{13.59999pt}.
(fancyhdr)                You might also make \topmargin smaller to compensate:
(fancyhdr)                \addtolength{\topmargin}{-1.59999pt}.

[2] (./2515374.toc
LaTeX Font Info:    Font shape `TU/TeXGyreTermesX(0)/m/n' will be
(Font)              scaled to size 8.0pt on input line 1.
LaTeX Font Info:    Font shape `TU/TeXGyreTermesX(0)/m/n' will be
(Font)              scaled to size 6.0pt on input line 1.
LaTeX Font Info:    Trying to load font information for U+msa on input line 1.
 (d:/texlive/2024/texmf-dist/tex/latex/amsfonts/umsa.fd
File: umsa.fd 2013/01/14 v3.01 AMS symbols A
)
LaTeX Font Info:    Trying to load font information for U+msb on input line 1.
 (d:/texlive/2024/texmf-dist/tex/latex/amsfonts/umsb.fd
File: umsb.fd 2013/01/14 v3.01 AMS symbols B
)
LaTeX Font Info:    Trying to load font information for U+rsfs on input line 1.
 (d:/texlive/2024/texmf-dist/tex/latex/jknapltx/ursfs.fd
File: ursfs.fd 1998/03/24 rsfs font definition file (jk)
)
LaTeX Font Info:    Trying to load font information for U+lasy on input line 1.
 (d:/texlive/2024/texmf-dist/tex/latex/base/ulasy.fd
File: ulasy.fd 1998/08/17 v2.2e LaTeX symbol font definitions
))
\tf@toc=\write6
\openout6 = `2515374.toc'.

 [1] (./include/introduction.tex
LaTeX Font Info:    Font shape `TU/TeXGyreTermesX(0)/m/n' will be
(Font)              scaled to size 14.4pt on input line 3.
LaTeX Font Info:    Font shape `TU/TeXGyreTermesX(0)/b/n' will be
(Font)              scaled to size 14.4pt on input line 3.


Package fancyhdr Warning: \headheight is too small (12.0pt): 
(fancyhdr)                Make it at least 13.59999pt, for example:
(fancyhdr)                \setlength{\headheight}{13.59999pt}.
(fancyhdr)                You might also make \topmargin smaller to compensate:
(fancyhdr)                \addtolength{\topmargin}{-1.59999pt}.

[2]) (./include/assumption.tex

Package fancyhdr Warning: \headheight is too small (12.0pt): 
(fancyhdr)                Make it at least 13.59999pt, for example:
(fancyhdr)                \setlength{\headheight}{13.59999pt}.
(fancyhdr)                You might also make \topmargin smaller to compensate:
(fancyhdr)                \addtolength{\topmargin}{-1.59999pt}.

[3]
File: ./img/../figures/bad_1.png Graphic file (type bmp)
<./img/../figures/bad_1.png>
File: ./img/../figures/bad_2.png Graphic file (type bmp)
<./img/../figures/bad_2.png>
Package hyperref Info: bookmark level for unknown lstlisting defaults to 0 on input line 68.


Package fancyhdr Warning: \headheight is too small (12.0pt): 
(fancyhdr)                Make it at least 13.59999pt, for example:
(fancyhdr)                \setlength{\headheight}{13.59999pt}.
(fancyhdr)                You might also make \topmargin smaller to compensate:
(fancyhdr)                \addtolength{\topmargin}{-1.59999pt}.

[4]
File: ./img/../figures/top_10_countries.png Graphic file (type bmp)
<./img/../figures/top_10_countries.png>
File: ./img/../figures/top_10_athletes.png Graphic file (type bmp)
<./img/../figures/top_10_athletes.png>


LaTeX Warning: `h' float specifier changed to `ht'.

) (./include/overview.tex
File: ./figures/figure1_work_flow.png Graphic file (type bmp)
<./figures/figure1_work_flow.png>


Package fancyhdr Warning: \headheight is too small (12.0pt): 
(fancyhdr)                Make it at least 13.59999pt, for example:
(fancyhdr)                \setlength{\headheight}{13.59999pt}.
(fancyhdr)                You might also make \topmargin smaller to compensate:
(fancyhdr)                \addtolength{\topmargin}{-1.59999pt}.

[5]) (./include/answer1.tex

Package fancyhdr Warning: \headheight is too small (12.0pt): 
(fancyhdr)                Make it at least 13.59999pt, for example:
(fancyhdr)                \setlength{\headheight}{13.59999pt}.
(fancyhdr)                You might also make \topmargin smaller to compensate:
(fancyhdr)                \addtolength{\topmargin}{-1.59999pt}.

[6]
File: ./figures/Cor_Matrix.png Graphic file (type bmp)
<./figures/Cor_Matrix.png>
File: ./figures/K-S_0.png Graphic file (type bmp)
<./figures/K-S_0.png>
File: ./figures/K-S_4.png Graphic file (type bmp)
<./figures/K-S_4.png>
File: ./figures/refer_KS_other.png Graphic file (type bmp)
<./figures/refer_KS_other.png>


Package fancyhdr Warning: \headheight is too small (12.0pt): 
(fancyhdr)                Make it at least 13.59999pt, for example:
(fancyhdr)                \setlength{\headheight}{13.59999pt}.
(fancyhdr)                You might also make \topmargin smaller to compensate:
(fancyhdr)                \addtolength{\topmargin}{-1.59999pt}.

[7]

Package fancyhdr Warning: \headheight is too small (12.0pt): 
(fancyhdr)                Make it at least 13.59999pt, for example:
(fancyhdr)                \setlength{\headheight}{13.59999pt}.
(fancyhdr)                You might also make \topmargin smaller to compensate:
(fancyhdr)                \addtolength{\topmargin}{-1.59999pt}.

[8]) (./include/answer2.tex) (./include/answer3.tex) (./include/answer4.tex
File: ./figures/Key_event.png Graphic file (type bmp)
<./figures/Key_event.png>

Overfull \hbox (46.97836pt too wide) in paragraph at lines 8--9
 [][] 
 []


Package fancyhdr Warning: \headheight is too small (12.0pt): 
(fancyhdr)                Make it at least 13.59999pt, for example:
(fancyhdr)                \setlength{\headheight}{13.59999pt}.
(fancyhdr)                You might also make \topmargin smaller to compensate:
(fancyhdr)                \addtolength{\topmargin}{-1.59999pt}.

[9]

Package fancyhdr Warning: \headheight is too small (12.0pt): 
(fancyhdr)                Make it at least 13.59999pt, for example:
(fancyhdr)                \setlength{\headheight}{13.59999pt}.
(fancyhdr)                You might also make \topmargin smaller to compensate:
(fancyhdr)                \addtolength{\topmargin}{-1.59999pt}.

[10]) (./include/conclusion.tex) (./citation.tex
LaTeX Font Info:    Font shape `TU/TeXGyreTermesX(0)/m/it' will be
(Font)              scaled to size 12.0pt on input line 13.


Package fancyhdr Warning: \headheight is too small (12.0pt): 
(fancyhdr)                Make it at least 13.59999pt, for example:
(fancyhdr)                \setlength{\headheight}{13.59999pt}.
(fancyhdr)                You might also make \topmargin smaller to compensate:
(fancyhdr)                \addtolength{\topmargin}{-1.59999pt}.

[11])

Package fancyhdr Warning: \headheight is too small (12.0pt): 
(fancyhdr)                Make it at least 13.59999pt, for example:
(fancyhdr)                \setlength{\headheight}{13.59999pt}.
(fancyhdr)                You might also make \topmargin smaller to compensate:
(fancyhdr)                \addtolength{\topmargin}{-1.59999pt}.

[12] (./include/code.tex
LaTeX Font Info:    Font shape `TU/TeXGyreTermesX(0)/m/n' will be
(Font)              scaled to size 24.88pt on input line 1.
LaTeX Font Info:    Font shape `TU/TeXGyreTermesX(0)/b/n' will be
(Font)              scaled to size 24.88pt on input line 1.
 (../data_nonlinear.py
Missing character: There is no  (U+6587) in font [lmmono10-regular]:!
Missing character: There is no  (U+4EF6) in font [lmmono10-regular]:!
Missing character: There is no  (U+8DEF) in font [lmmono10-regular]:!
Missing character: There is no  (U+5F84) in font [lmmono10-regular]:!
Missing character: There is no  (U+68C0) in font [lmmono10-regular]:!
Missing character: There is no  (U+6D4B) in font [lmmono10-regular]:!
Missing character: There is no  (U+6587) in font [lmmono10-regular]:!
Missing character: There is no  (U+4EF6) in font [lmmono10-regular]:!
Missing character: There is no  (U+7F16) in font [lmmono10-regular]:!
Missing character: There is no  (U+7801) in font [lmmono10-regular]:!
Missing character: There is no  (U+76F4) in font [lmmono10-regular]:!
Missing character: There is no  (U+63A5) in font [lmmono10-regular]:!
Missing character: There is no  (U+4F7F) in font [lmmono10-regular]:!
Missing character: There is no  (U+7528) in font [lmmono10-regular]:!
Missing character: There is no  (U+8BFB) in font [lmmono10-regular]:!
Missing character: There is no  (U+53D6) in font [lmmono10-regular]:!
Missing character: There is no  (U+6587) in font [lmmono10-regular]:!
Missing character: There is no  (U+4EF6) in font [lmmono10-regular]:!
Missing character: There is no  (U+8BFB) in font [lmmono10-regular]:!
Missing character: There is no  (U+53D6) in font [lmmono10-regular]:!
Missing character: There is no  (U+6570) in font [lmmono10-regular]:!
Missing character: There is no  (U+636E) in font [lmmono10-regular]:!

Package fancyhdr Warning: \headheight is too small (12.0pt): 
(fancyhdr)                Make it at least 13.59999pt, for example:
(fancyhdr)                \setlength{\headheight}{13.59999pt}.
(fancyhdr)                You might also make \topmargin smaller to compensate:
(fancyhdr)                \addtolength{\topmargin}{-1.59999pt}.

[13]

Package fancyhdr Warning: \headheight is too small (12.0pt): 
(fancyhdr)                Make it at least 13.59999pt, for example:
(fancyhdr)                \setlength{\headheight}{13.59999pt}.
(fancyhdr)                You might also make \topmargin smaller to compensate:
(fancyhdr)                \addtolength{\topmargin}{-1.59999pt}.

[14]

Package fancyhdr Warning: \headheight is too small (12.0pt): 
(fancyhdr)                Make it at least 13.59999pt, for example:
(fancyhdr)                \setlength{\headheight}{13.59999pt}.
(fancyhdr)                You might also make \topmargin smaller to compensate:
(fancyhdr)                \addtolength{\topmargin}{-1.59999pt}.

[15]

Package fancyhdr Warning: \headheight is too small (12.0pt): 
(fancyhdr)                Make it at least 13.59999pt, for example:
(fancyhdr)                \setlength{\headheight}{13.59999pt}.
(fancyhdr)                You might also make \topmargin smaller to compensate:
(fancyhdr)                \addtolength{\topmargin}{-1.59999pt}.

[16]

Package fancyhdr Warning: \headheight is too small (12.0pt): 
(fancyhdr)                Make it at least 13.59999pt, for example:
(fancyhdr)                \setlength{\headheight}{13.59999pt}.
(fancyhdr)                You might also make \topmargin smaller to compensate:
(fancyhdr)                \addtolength{\topmargin}{-1.59999pt}.

[17]

Package fancyhdr Warning: \headheight is too small (12.0pt): 
(fancyhdr)                Make it at least 13.59999pt, for example:
(fancyhdr)                \setlength{\headheight}{13.59999pt}.
(fancyhdr)                You might also make \topmargin smaller to compensate:
(fancyhdr)                \addtolength{\topmargin}{-1.59999pt}.

[18]

Package fancyhdr Warning: \headheight is too small (12.0pt): 
(fancyhdr)                Make it at least 13.59999pt, for example:
(fancyhdr)                \setlength{\headheight}{13.59999pt}.
(fancyhdr)                You might also make \topmargin smaller to compensate:
(fancyhdr)                \addtolength{\topmargin}{-1.59999pt}.

[19]

Package fancyhdr Warning: \headheight is too small (12.0pt): 
(fancyhdr)                Make it at least 13.59999pt, for example:
(fancyhdr)                \setlength{\headheight}{13.59999pt}.
(fancyhdr)                You might also make \topmargin smaller to compensate:
(fancyhdr)                \addtolength{\topmargin}{-1.59999pt}.

[20]

Package fancyhdr Warning: \headheight is too small (12.0pt): 
(fancyhdr)                Make it at least 13.59999pt, for example:
(fancyhdr)                \setlength{\headheight}{13.59999pt}.
(fancyhdr)                You might also make \topmargin smaller to compensate:
(fancyhdr)                \addtolength{\topmargin}{-1.59999pt}.

[21]
Overfull \hbox (36.13486pt too wide) in paragraph at lines 434--436
[][][][][][][][][][][][][][][][][][][][][][][][][][][][][][][][][] 
 []


Package fancyhdr Warning: \headheight is too small (12.0pt): 
(fancyhdr)                Make it at least 13.59999pt, for example:
(fancyhdr)                \setlength{\headheight}{13.59999pt}.
(fancyhdr)                You might also make \topmargin smaller to compensate:
(fancyhdr)                \addtolength{\topmargin}{-1.59999pt}.

[22]

Package fancyhdr Warning: \headheight is too small (12.0pt): 
(fancyhdr)                Make it at least 13.59999pt, for example:
(fancyhdr)                \setlength{\headheight}{13.59999pt}.
(fancyhdr)                You might also make \topmargin smaller to compensate:
(fancyhdr)                \addtolength{\topmargin}{-1.59999pt}.

[23]

Package fancyhdr Warning: \headheight is too small (12.0pt): 
(fancyhdr)                Make it at least 13.59999pt, for example:
(fancyhdr)                \setlength{\headheight}{13.59999pt}.
(fancyhdr)                You might also make \topmargin smaller to compensate:
(fancyhdr)                \addtolength{\topmargin}{-1.59999pt}.

[24])

Package fancyhdr Warning: \headheight is too small (12.0pt): 
(fancyhdr)                Make it at least 13.59999pt, for example:
(fancyhdr)                \setlength{\headheight}{13.59999pt}.
(fancyhdr)                You might also make \topmargin smaller to compensate:
(fancyhdr)                \addtolength{\topmargin}{-1.59999pt}.

[25] (../coach_try.py
Missing character: There is no  (U+8BFB) in font [lmmono10-regular]:!
Missing character: There is no  (U+53D6) in font [lmmono10-regular]:!
Missing character: There is no  (U+6587) in font [lmmono10-regular]:!
Missing character: There is no  (U+4EF6) in font [lmmono10-regular]:!
Missing character: There is no  (U+7B5B) in font [lmmono10-regular]:!
Missing character: There is no  (U+9009) in font [lmmono10-regular]:!
Missing character: There is no  (U+7F8E) in font [lmmono10-regular]:!
Missing character: There is no  (U+56FD) in font [lmmono10-regular]:!
Missing character: There is no  (U+5973) in font [lmmono10-regular]:!
Missing character: There is no  (U+5B50) in font [lmmono10-regular]:!
Missing character: There is no  (U+4F53) in font [lmmono10-regular]:!
Missing character: There is no  (U+64CD) in font [lmmono10-regular]:!
Missing character: There is no  (U+961F) in font [lmmono10-regular]:!
Missing character: There is no  (U+7684) in font [lmmono10-regular]:!
Missing character: There is no  (U+6570) in font [lmmono10-regular]:!
Missing character: There is no  (U+636E) in font [lmmono10-regular]:!
Missing character: There is no  (U+7684) in font [lmmono10-regular]:!
Missing character: There is no  (U+6570) in font [lmmono10-regular]:!
Missing character: There is no  (U+636E) in font [lmmono10-regular]:!
Missing character: There is no  (U+56E0) in font [lmmono10-regular]:!
Missing character: There is no  (U+4E3A) in font [lmmono10-regular]:!
Missing character: There is no  (U+9879) in font [lmmono10-regular]:!
Missing character: There is no  (U+76EE) in font [lmmono10-regular]:!
Missing character: There is no  (U+53D1) in font [lmmono10-regular]:!
Missing character: There is no  (U+751F) in font [lmmono10-regular]:!
Missing character: There is no  (U+53D8) in font [lmmono10-regular]:!
Missing character: There is no  (U+5316) in font [lmmono10-regular]:!
Missing character: There is no  (U+56E0) in font [lmmono10-regular]:!
Missing character: There is no  (U+6B64) in font [lmmono10-regular]:!
Missing character: There is no  (U+6709) in font [lmmono10-regular]:!
Missing character: There is no  (U+4E9B) in font [lmmono10-regular]:!
Missing character: There is no  (U+53CD) in font [lmmono10-regular]:!
Missing character: There is no  (U+5E38) in font [lmmono10-regular]:!
Missing character: There is no  (U+5C31) in font [lmmono10-regular]:!
Missing character: There is no  (U+4E0D) in font [lmmono10-regular]:!
Missing character: There is no  (U+62FF) in font [lmmono10-regular]:!
Missing character: There is no  (U+8FDB) in font [lmmono10-regular]:!
Missing character: There is no  (U+53BB) in font [lmmono10-regular]:!
Missing character: There is no  (U+8BAD) in font [lmmono10-regular]:!
Missing character: There is no  (U+7EC3) in font [lmmono10-regular]:!
Missing character: There is no  (U+4E86) in font [lmmono10-regular]:!
Missing character: There is no  (U+5C06) in font [lmmono10-regular]:!
Missing character: There is no  (U+7B5B) in font [lmmono10-regular]:!
Missing character: There is no  (U+9009) in font [lmmono10-regular]:!
Missing character: There is no  (U+540E) in font [lmmono10-regular]:!
Missing character: There is no  (U+7684) in font [lmmono10-regular]:!
Missing character: There is no  (U+6570) in font [lmmono10-regular]:!
Missing character: There is no  (U+636E) in font [lmmono10-regular]:!
Missing character: There is no  (U+4FDD) in font [lmmono10-regular]:!
Missing character: There is no  (U+5B58) in font [lmmono10-regular]:!
Missing character: There is no  (U+5230) in font [lmmono10-regular]:!
Missing character: There is no  (U+53E6) in font [lmmono10-regular]:!
Missing character: There is no  (U+4E00) in font [lmmono10-regular]:!
Missing character: There is no  (U+4E2A) in font [lmmono10-regular]:!
Missing character: There is no  (U+6587) in font [lmmono10-regular]:!
Missing character: There is no  (U+4EF6) in font [lmmono10-regular]:!
Missing character: There is no  (U+6DFB) in font [lmmono10-regular]:!
Missing character: There is no  (U+52A0) in font [lmmono10-regular]:!
Missing character: There is no  (U+4E00) in font [lmmono10-regular]:!
Missing character: There is no  (U+4E2A) in font [lmmono10-regular]:!
Missing character: There is no  (U+65B0) in font [lmmono10-regular]:!
Missing character: There is no  (U+5217) in font [lmmono10-regular]:!
Missing character: There is no  (U+FF0C) in font [lmmono10-regular]:!
Missing character: There is no  (U+6807) in font [lmmono10-regular]:!
Missing character: There is no  (U+8BB0) in font [lmmono10-regular]:!
Missing character: There is no  (U+662F) in font [lmmono10-regular]:!
Missing character: There is no  (U+5426) in font [lmmono10-regular]:!
Missing character: There is no  (U+6709) in font [lmmono10-regular]:!
Missing character: There is no  (U+4F20) in font [lmmono10-regular]:!
Missing character: There is no  (U+5947) in font [lmmono10-regular]:!
Missing character: There is no  (U+6559) in font [lmmono10-regular]:!
Missing character: There is no  (U+7EC3) in font [lmmono10-regular]:!
Missing character: There is no  (U+6267) in font [lmmono10-regular]:!
Missing character: There is no  (U+6559) in font [lmmono10-regular]:!
Missing character: There is no  (U+7EDF) in font [lmmono10-regular]:!
Missing character: There is no  (U+8BA1) in font [lmmono10-regular]:!
Missing character: There is no  (U+6BCF) in font [lmmono10-regular]:!
Missing character: There is no  (U+5E74) in font [lmmono10-regular]:!
Missing character: There is no  (U+4F20) in font [lmmono10-regular]:!
Missing character: There is no  (U+5947) in font [lmmono10-regular]:!
Missing character: There is no  (U+6559) in font [lmmono10-regular]:!
Missing character: There is no  (U+7EC3) in font [lmmono10-regular]:!
Missing character: There is no  (U+5BF9) in font [lmmono10-regular]:!
Missing character: There is no  (U+5956) in font [lmmono10-regular]:!
Missing character: There is no  (U+724C) in font [lmmono10-regular]:!
Missing character: There is no  (U+6570) in font [lmmono10-regular]:!
Missing character: There is no  (U+7684) in font [lmmono10-regular]:!
Missing character: There is no  (U+5F71) in font [lmmono10-regular]:!
Missing character: There is no  (U+54CD) in font [lmmono10-regular]:!
Missing character: There is no  (U+4FDD) in font [lmmono10-regular]:!
Missing character: There is no  (U+5B58) in font [lmmono10-regular]:!
Missing character: There is no  (U+5230) in font [lmmono10-regular]:!
Missing character: There is no  (U+6587) in font [lmmono10-regular]:!
Missing character: There is no  (U+4EF6) in font [lmmono10-regular]:!

Package fancyhdr Warning: \headheight is too small (12.0pt): 
(fancyhdr)                Make it at least 13.59999pt, for example:
(fancyhdr)                \setlength{\headheight}{13.59999pt}.
(fancyhdr)                You might also make \topmargin smaller to compensate:
(fancyhdr)                \addtolength{\topmargin}{-1.59999pt}.

[26]
Missing character: There is no  (U+8BFB) in font [lmmono10-regular]:!
Missing character: There is no  (U+53D6) in font [lmmono10-regular]:!
Missing character: There is no  (U+6587) in font [lmmono10-regular]:!
Missing character: There is no  (U+4EF6) in font [lmmono10-regular]:!
Missing character: There is no  (U+83B7) in font [lmmono10-regular]:!
Missing character: There is no  (U+53D6) in font [lmmono10-regular]:!
Missing character: There is no  (U+6240) in font [lmmono10-regular]:!
Missing character: There is no  (U+6709) in font [lmmono10-regular]:!
Missing character: There is no  (U+7684) in font [lmmono10-regular]:!
Missing character: There is no  (U+521D) in font [lmmono10-regular]:!
Missing character: There is no  (U+59CB) in font [lmmono10-regular]:!
Missing character: There is no  (U+5316) in font [lmmono10-regular]:!
Missing character: There is no  (U+4E00) in font [lmmono10-regular]:!
Missing character: There is no  (U+4E2A) in font [lmmono10-regular]:!
Missing character: There is no  (U+7A7A) in font [lmmono10-regular]:!
Missing character: There is no  (U+7684) in font [lmmono10-regular]:!
Missing character: There is no  (U+6765) in font [lmmono10-regular]:!
Missing character: There is no  (U+5B58) in font [lmmono10-regular]:!
Missing character: There is no  (U+50A8) in font [lmmono10-regular]:!
Missing character: There is no  (U+6240) in font [lmmono10-regular]:!
Missing character: There is no  (U+6709) in font [lmmono10-regular]:!
Missing character: There is no  (U+7684) in font [lmmono10-regular]:!
Missing character: There is no  (U+904D) in font [lmmono10-regular]:!
Missing character: There is no  (U+5386) in font [lmmono10-regular]:!
Missing character: There is no  (U+6BCF) in font [lmmono10-regular]:!
Missing character: There is no  (U+4E00) in font [lmmono10-regular]:!
Missing character: There is no  (U+4E2A) in font [lmmono10-regular]:!
Missing character: There is no  (U+7B5B) in font [lmmono10-regular]:!
Missing character: There is no  (U+9009) in font [lmmono10-regular]:!
Missing character: There is no  (U+51FA) in font [lmmono10-regular]:!
Missing character: There is no  (U+5F53) in font [lmmono10-regular]:!
Missing character: There is no  (U+524D) in font [lmmono10-regular]:!
Missing character: There is no  (U+7684) in font [lmmono10-regular]:!
Missing character: There is no  (U+6570) in font [lmmono10-regular]:!
Missing character: There is no  (U+636E) in font [lmmono10-regular]:!
Missing character: There is no  (U+6309) in font [lmmono10-regular]:!
Missing character: There is no  (U+548C) in font [lmmono10-regular]:!
Missing character: There is no  (U+5206) in font [lmmono10-regular]:!
Missing character: There is no  (U+7C7B) in font [lmmono10-regular]:!
Missing character: There is no  (U+7EDF) in font [lmmono10-regular]:!
Missing character: There is no  (U+8BA1) in font [lmmono10-regular]:!
Missing character: There is no  (U+6BCF) in font [lmmono10-regular]:!
Missing character: There is no  (U+5E74) in font [lmmono10-regular]:!
Missing character: There is no  (U+5956) in font [lmmono10-regular]:!
Missing character: There is no  (U+724C) in font [lmmono10-regular]:!
Missing character: There is no  (U+6570) in font [lmmono10-regular]:!
Missing character: There is no  (U+6DFB) in font [lmmono10-regular]:!
Missing character: There is no  (U+52A0) in font [lmmono10-regular]:!
Missing character: There is no  (U+5E74) in font [lmmono10-regular]:!
Missing character: There is no  (U+4EFD) in font [lmmono10-regular]:!
Missing character: There is no  (U+5217) in font [lmmono10-regular]:!
Missing character: There is no  (U+6DFB) in font [lmmono10-regular]:!
Missing character: There is no  (U+52A0) in font [lmmono10-regular]:!
Missing character: There is no  (U+5217) in font [lmmono10-regular]:!
Missing character: There is no  (U+5C06) in font [lmmono10-regular]:!
Missing character: There is no  (U+5F53) in font [lmmono10-regular]:!
Missing character: There is no  (U+524D) in font [lmmono10-regular]:!
Missing character: There is no  (U+7684) in font [lmmono10-regular]:!
Missing character: There is no  (U+6DFB) in font [lmmono10-regular]:!
Missing character: There is no  (U+52A0) in font [lmmono10-regular]:!
Missing character: There is no  (U+5230) in font [lmmono10-regular]:!
Missing character: There is no  (U+4E2D) in font [lmmono10-regular]:!
Missing character: There is no  (U+4FDD) in font [lmmono10-regular]:!
Missing character: There is no  (U+5B58) in font [lmmono10-regular]:!
Missing character: There is no  (U+6240) in font [lmmono10-regular]:!
Missing character: There is no  (U+6709) in font [lmmono10-regular]:!
Missing character: There is no  (U+7684) in font [lmmono10-regular]:!
Missing character: There is no  (U+5230) in font [lmmono10-regular]:!
Missing character: There is no  (U+6587) in font [lmmono10-regular]:!
Missing character: There is no  (U+4EF6) in font [lmmono10-regular]:!

Package fancyhdr Warning: \headheight is too small (12.0pt): 
(fancyhdr)                Make it at least 13.59999pt, for example:
(fancyhdr)                \setlength{\headheight}{13.59999pt}.
(fancyhdr)                You might also make \topmargin smaller to compensate:
(fancyhdr)                \addtolength{\topmargin}{-1.59999pt}.

[27]
Missing character: There is no  (U+4F5C) in font [lmmono10-regular]:!
Missing character: There is no  (U+4E3A) in font [lmmono10-regular]:!
Missing character: There is no  (U+4F20) in font [lmmono10-regular]:!
Missing character: There is no  (U+5947) in font [lmmono10-regular]:!
Missing character: There is no  (U+6307) in font [lmmono10-regular]:!
Missing character: There is no  (U+6570) in font [lmmono10-regular]:!
Missing character: There is no  (U+FF08) in font [lmmono10-regular]:!
Missing character: There is no  (U+FF09) in font [lmmono10-regular]:!
Missing character: There is no  (U+7684) in font [lmmono10-regular]:!
Missing character: There is no  (U+8BAD) in font [lmmono10-regular]:!
Missing character: There is no  (U+7EC3) in font [lmmono10-regular]:!
Missing character: There is no  (U+96C6) in font [lmmono10-regular]:!
Missing character: There is no  (U+8BAD) in font [lmmono10-regular]:!
Missing character: There is no  (U+7EC3) in font [lmmono10-regular]:!
Missing character: There is no  (U+80FD) in font [lmmono10-regular]:!
Missing character: There is no  (U+591F) in font [lmmono10-regular]:!
Missing character: There is no  (U+9488) in font [lmmono10-regular]:!
Missing character: There is no  (U+5BF9) in font [lmmono10-regular]:!
Missing character: There is no  (U+8F93) in font [lmmono10-regular]:!
Missing character: There is no  (U+5165) in font [lmmono10-regular]:!
Missing character: There is no  (U+FF0C) in font [lmmono10-regular]:!
Missing character: There is no  (U+8BA1) in font [lmmono10-regular]:!
Missing character: There is no  (U+7B97) in font [lmmono10-regular]:!
Missing character: There is no  (U+4F20) in font [lmmono10-regular]:!
Missing character: There is no  (U+5947) in font [lmmono10-regular]:!
Missing character: There is no  (U+6307) in font [lmmono10-regular]:!
Missing character: There is no  (U+6570) in font [lmmono10-regular]:!
Missing character: There is no  (U+7684) in font [lmmono10-regular]:!
Missing character: There is no  (U+6A21) in font [lmmono10-regular]:!
Missing character: There is no  (U+578B) in font [lmmono10-regular]:!
Missing character: There is no  (U+FF0C) in font [lmmono10-regular]:!
Missing character: There is no  (U+793A) in font [lmmono10-regular]:!
Missing character: There is no  (U+4F8B) in font [lmmono10-regular]:!
Missing character: There is no  (U+8F93) in font [lmmono10-regular]:!
Missing character: There is no  (U+5165) in font [lmmono10-regular]:!
Missing character: There is no  (U+51C6) in font [lmmono10-regular]:!
Missing character: There is no  (U+5907) in font [lmmono10-regular]:!
Missing character: There is no  (U+8BAD) in font [lmmono10-regular]:!
Missing character: There is no  (U+7EC3) in font [lmmono10-regular]:!
Missing character: There is no  (U+6570) in font [lmmono10-regular]:!
Missing character: There is no  (U+636E) in font [lmmono10-regular]:!
Missing character: There is no  (U+5206) in font [lmmono10-regular]:!
Missing character: There is no  (U+5272) in font [lmmono10-regular]:!
Missing character: There is no  (U+6570) in font [lmmono10-regular]:!
Missing character: There is no  (U+636E) in font [lmmono10-regular]:!
Missing character: There is no  (U+96C6) in font [lmmono10-regular]:!
Missing character: There is no  (U+8BAD) in font [lmmono10-regular]:!
Missing character: There is no  (U+7EC3) in font [lmmono10-regular]:!
Missing character: There is no  (U+6A21) in font [lmmono10-regular]:!
Missing character: There is no  (U+578B) in font [lmmono10-regular]:!
Missing character: There is no  (U+8BBE) in font [lmmono10-regular]:!
Missing character: There is no  (U+7F6E) in font [lmmono10-regular]:!
Missing character: There is no  (U+53C2) in font [lmmono10-regular]:!
Missing character: There is no  (U+6570) in font [lmmono10-regular]:!
Missing character: There is no  (U+8BAD) in font [lmmono10-regular]:!
Missing character: There is no  (U+7EC3) in font [lmmono10-regular]:!
Missing character: There is no  (U+6A21) in font [lmmono10-regular]:!
Missing character: There is no  (U+578B) in font [lmmono10-regular]:!
Missing character: There is no  (U+9884) in font [lmmono10-regular]:!
Missing character: There is no  (U+6D4B) in font [lmmono10-regular]:!
Missing character: There is no  (U+5BF9) in font [lmmono10-regular]:!
Missing character: There is no  (U+4E8E) in font [lmmono10-regular]:!
Missing character: There is no  (U+6BCF) in font [lmmono10-regular]:!
Missing character: There is no  (U+4E2A) in font [lmmono10-regular]:!
Missing character: There is no  (U+5206) in font [lmmono10-regular]:!
Missing character: There is no  (U+7C7B) in font [lmmono10-regular]:!
Missing character: There is no  (U+505A) in font [lmmono10-regular]:!
Missing character: There is no  (U+4F20) in font [lmmono10-regular]:!
Missing character: There is no  (U+5947) in font [lmmono10-regular]:!
Missing character: There is no  (U+6559) in font [lmmono10-regular]:!
Missing character: There is no  (U+7EC3) in font [lmmono10-regular]:!
Missing character: There is no  (U+6307) in font [lmmono10-regular]:!
Missing character: There is no  (U+6570) in font [lmmono10-regular]:!
Missing character: There is no  (U+8BA1) in font [lmmono10-regular]:!
Missing character: There is no  (U+7B97) in font [lmmono10-regular]:!
Missing character: There is no  (U+4E0E) in font [lmmono10-regular]:!
Missing character: There is no  (U+5224) in font [lmmono10-regular]:!
Missing character: There is no  (U+65AD) in font [lmmono10-regular]:!
Missing character: There is no  (U+521D) in font [lmmono10-regular]:!
Missing character: There is no  (U+59CB) in font [lmmono10-regular]:!
Missing character: There is no  (U+5316) in font [lmmono10-regular]:!
Missing character: There is no  (U+4E00) in font [lmmono10-regular]:!
Missing character: There is no  (U+4E2A) in font [lmmono10-regular]:!
Missing character: There is no  (U+7A7A) in font [lmmono10-regular]:!
Missing character: There is no  (U+7684) in font [lmmono10-regular]:!
Missing character: There is no  (U+6765) in font [lmmono10-regular]:!
Missing character: There is no  (U+5B58) in font [lmmono10-regular]:!
Missing character: There is no  (U+50A8) in font [lmmono10-regular]:!
Missing character: There is no  (U+7ED3) in font [lmmono10-regular]:!
Missing character: There is no  (U+679C) in font [lmmono10-regular]:!
Missing character: There is no  (U+8BA1) in font [lmmono10-regular]:!
Missing character: There is no  (U+7B97) in font [lmmono10-regular]:!
Missing character: There is no  (U+4F20) in font [lmmono10-regular]:!
Missing character: There is no  (U+5947) in font [lmmono10-regular]:!
Missing character: There is no  (U+6559) in font [lmmono10-regular]:!
Missing character: There is no  (U+7EC3) in font [lmmono10-regular]:!
Missing character: There is no  (U+6307) in font [lmmono10-regular]:!
Missing character: There is no  (U+6570) in font [lmmono10-regular]:!
Missing character: There is no  (U+5982) in font [lmmono10-regular]:!
Missing character: There is no  (U+679C) in font [lmmono10-regular]:!
Missing character: There is no  (U+5219) in font [lmmono10-regular]:!
Missing character: There is no  (U+7B97) in font [lmmono10-regular]:!
Missing character: There is no  (U+4F5C) in font [lmmono10-regular]:!
Missing character: There is no  (U+4F20) in font [lmmono10-regular]:!
Missing character: There is no  (U+5947) in font [lmmono10-regular]:!
Missing character: There is no  (U+6559) in font [lmmono10-regular]:!
Missing character: There is no  (U+7EC3) in font [lmmono10-regular]:!
Missing character: There is no  (U+6570) in font [lmmono10-regular]:!
Missing character: There is no  (U+636E) in font [lmmono10-regular]:!

Package fancyhdr Warning: \headheight is too small (12.0pt): 
(fancyhdr)                Make it at least 13.59999pt, for example:
(fancyhdr)                \setlength{\headheight}{13.59999pt}.
(fancyhdr)                You might also make \topmargin smaller to compensate:
(fancyhdr)                \addtolength{\topmargin}{-1.59999pt}.

[28]
Missing character: There is no  (U+5224) in font [lmmono10-regular]:!
Missing character: There is no  (U+65AD) in font [lmmono10-regular]:!
Missing character: There is no  (U+662F) in font [lmmono10-regular]:!
Missing character: There is no  (U+5426) in font [lmmono10-regular]:!
Missing character: There is no  (U+4E3A) in font [lmmono10-regular]:!
Missing character: There is no  (U+4F20) in font [lmmono10-regular]:!
Missing character: There is no  (U+5947) in font [lmmono10-regular]:!
Missing character: There is no  (U+6559) in font [lmmono10-regular]:!
Missing character: There is no  (U+7EC3) in font [lmmono10-regular]:!
Missing character: There is no  (U+9009) in font [lmmono10-regular]:!
Missing character: There is no  (U+62E9) in font [lmmono10-regular]:!
Missing character: There is no  (U+9700) in font [lmmono10-regular]:!
Missing character: There is no  (U+8981) in font [lmmono10-regular]:!
Missing character: There is no  (U+7684) in font [lmmono10-regular]:!
Missing character: There is no  (U+5217) in font [lmmono10-regular]:!
Missing character: There is no  (U+5C06) in font [lmmono10-regular]:!
Missing character: There is no  (U+7ED3) in font [lmmono10-regular]:!
Missing character: There is no  (U+679C) in font [lmmono10-regular]:!
Missing character: There is no  (U+6DFB) in font [lmmono10-regular]:!
Missing character: There is no  (U+52A0) in font [lmmono10-regular]:!
Missing character: There is no  (U+5230) in font [lmmono10-regular]:!
Missing character: There is no  (U+4E2D) in font [lmmono10-regular]:!
Missing character: There is no  (U+4FDD) in font [lmmono10-regular]:!
Missing character: There is no  (U+5B58) in font [lmmono10-regular]:!
Missing character: There is no  (U+7ED3) in font [lmmono10-regular]:!
Missing character: There is no  (U+679C) in font [lmmono10-regular]:!
Missing character: There is no  (U+5230) in font [lmmono10-regular]:!
Missing character: There is no  (U+6587) in font [lmmono10-regular]:!
Missing character: There is no  (U+4EF6) in font [lmmono10-regular]:!

Overfull \hbox (13.13988pt too wide) in paragraph at lines 137--139
[][][][][][][][][][][][][][][][][][][][][][][][][][][][][][][][][] 
 []

Missing character: There is no  (U+5C06) in font [lmmono10-regular]:!
Missing character: There is no  (U+7ED3) in font [lmmono10-regular]:!
Missing character: There is no  (U+679C) in font [lmmono10-regular]:!
Missing character: There is no  (U+4E3A) in font [lmmono10-regular]:!
Missing character: There is no  (U+771F) in font [lmmono10-regular]:!
Missing character: There is no  (U+7684) in font [lmmono10-regular]:!
Missing character: There is no  (U+6570) in font [lmmono10-regular]:!
Missing character: There is no  (U+636E) in font [lmmono10-regular]:!
Missing character: There is no  (U+4FDD) in font [lmmono10-regular]:!
Missing character: There is no  (U+5B58) in font [lmmono10-regular]:!
Missing character: There is no  (U+5230) in font [lmmono10-regular]:!
Missing character: There is no  (U+6587) in font [lmmono10-regular]:!
Missing character: There is no  (U+4EF6) in font [lmmono10-regular]:!

Overfull \hbox (9.99281pt too wide) in paragraph at lines 140--141
[][][][][][][][][][][][][][][][][] 
 []


Overfull \hbox (70.62733pt too wide) in paragraph at lines 141--143
[][][][][][][][][][][][][][][][][][][][][][][][][][][][][][][][][] 
 []

) (../first_medal_rf.py

Package fancyhdr Warning: \headheight is too small (12.0pt): 
(fancyhdr)                Make it at least 13.59999pt, for example:
(fancyhdr)                \setlength{\headheight}{13.59999pt}.
(fancyhdr)                You might also make \topmargin smaller to compensate:
(fancyhdr)                \addtolength{\topmargin}{-1.59999pt}.

[29]

Package fancyhdr Warning: \headheight is too small (12.0pt): 
(fancyhdr)                Make it at least 13.59999pt, for example:
(fancyhdr)                \setlength{\headheight}{13.59999pt}.
(fancyhdr)                You might also make \topmargin smaller to compensate:
(fancyhdr)                \addtolength{\topmargin}{-1.59999pt}.

[30]) (../key_event.py
Missing character: There is no  (U+52A0) in font [lmmono10-regular]:!
Missing character: There is no  (U+8F7D) in font [lmmono10-regular]:!
Missing character: There is no  (U+6570) in font [lmmono10-regular]:!
Missing character: There is no  (U+636E) in font [lmmono10-regular]:!
Missing character: There is no  (U+8FC7) in font [lmmono10-regular]:!
Missing character: There is no  (U+6EE4) in font [lmmono10-regular]:!
Missing character: There is no  (U+6389) in font [lmmono10-regular]:!
Missing character: There is no  (U+6CA1) in font [lmmono10-regular]:!
Missing character: There is no  (U+6709) in font [lmmono10-regular]:!
Missing character: There is no  (U+5956) in font [lmmono10-regular]:!
Missing character: There is no  (U+724C) in font [lmmono10-regular]:!
Missing character: There is no  (U+7684) in font [lmmono10-regular]:!
Missing character: There is no  (U+6570) in font [lmmono10-regular]:!
Missing character: There is no  (U+636E) in font [lmmono10-regular]:!
Missing character: There is no  (U+7EDF) in font [lmmono10-regular]:!
Missing character: There is no  (U+8BA1) in font [lmmono10-regular]:!
Missing character: There is no  (U+6BCF) in font [lmmono10-regular]:!
Missing character: There is no  (U+4E2A) in font [lmmono10-regular]:!
Missing character: There is no  (U+56FD) in font [lmmono10-regular]:!
Missing character: There is no  (U+5BB6) in font [lmmono10-regular]:!
Missing character: There is no  (U+3001) in font [lmmono10-regular]:!
Missing character: There is no  (U+4F53) in font [lmmono10-regular]:!
Missing character: There is no  (U+80B2) in font [lmmono10-regular]:!
Missing character: There is no  (U+9879) in font [lmmono10-regular]:!
Missing character: There is no  (U+76EE) in font [lmmono10-regular]:!
Missing character: There is no  (U+3001) in font [lmmono10-regular]:!
Missing character: There is no  (U+8D5B) in font [lmmono10-regular]:!
Missing character: There is no  (U+4E8B) in font [lmmono10-regular]:!
Missing character: There is no  (U+7684) in font [lmmono10-regular]:!
Missing character: There is no  (U+83B7) in font [lmmono10-regular]:!
Missing character: There is no  (U+5956) in font [lmmono10-regular]:!
Missing character: There is no  (U+6570) in font [lmmono10-regular]:!
Missing character: There is no  (U+91CF) in font [lmmono10-regular]:!
Missing character: There is no  (U+7EDF) in font [lmmono10-regular]:!
Missing character: There is no  (U+8BA1) in font [lmmono10-regular]:!
Missing character: There is no  (U+6BCF) in font [lmmono10-regular]:!
Missing character: There is no  (U+4E2A) in font [lmmono10-regular]:!
Missing character: There is no  (U+56FD) in font [lmmono10-regular]:!
Missing character: There is no  (U+5BB6) in font [lmmono10-regular]:!
Missing character: There is no  (U+7684) in font [lmmono10-regular]:!
Missing character: There is no  (U+603B) in font [lmmono10-regular]:!
Missing character: There is no  (U+5956) in font [lmmono10-regular]:!
Missing character: There is no  (U+724C) in font [lmmono10-regular]:!
Missing character: There is no  (U+6570) in font [lmmono10-regular]:!

Package fancyhdr Warning: \headheight is too small (12.0pt): 
(fancyhdr)                Make it at least 13.59999pt, for example:
(fancyhdr)                \setlength{\headheight}{13.59999pt}.
(fancyhdr)                You might also make \topmargin smaller to compensate:
(fancyhdr)                \addtolength{\topmargin}{-1.59999pt}.

[31]
Missing character: There is no  (U+5408) in font [lmmono10-regular]:!
Missing character: There is no  (U+5E76) in font [lmmono10-regular]:!
Missing character: There is no  (U+6570) in font [lmmono10-regular]:!
Missing character: There is no  (U+636E) in font [lmmono10-regular]:!
Missing character: There is no  (U+FF0C) in font [lmmono10-regular]:!
Missing character: There is no  (U+8BA1) in font [lmmono10-regular]:!
Missing character: There is no  (U+7B97) in font [lmmono10-regular]:!
Missing character: There is no  (U+6BCF) in font [lmmono10-regular]:!
Missing character: There is no  (U+4E2A) in font [lmmono10-regular]:!
Missing character: There is no  (U+56FD) in font [lmmono10-regular]:!
Missing character: There is no  (U+5BB6) in font [lmmono10-regular]:!
Missing character: There is no  (U+6BCF) in font [lmmono10-regular]:!
Missing character: There is no  (U+4E2A) in font [lmmono10-regular]:!
Missing character: There is no  (U+4F53) in font [lmmono10-regular]:!
Missing character: There is no  (U+80B2) in font [lmmono10-regular]:!
Missing character: There is no  (U+9879) in font [lmmono10-regular]:!
Missing character: There is no  (U+76EE) in font [lmmono10-regular]:!
Missing character: There is no  (U+8D5B) in font [lmmono10-regular]:!
Missing character: There is no  (U+4E8B) in font [lmmono10-regular]:!
Missing character: There is no  (U+7684) in font [lmmono10-regular]:!
Missing character: There is no  (U+83B7) in font [lmmono10-regular]:!
Missing character: There is no  (U+5956) in font [lmmono10-regular]:!
Missing character: There is no  (U+5360) in font [lmmono10-regular]:!
Missing character: There is no  (U+6BD4) in font [lmmono10-regular]:!
Missing character: There is no  (U+8BBE) in font [lmmono10-regular]:!
Missing character: There is no  (U+5B9A) in font [lmmono10-regular]:!
Missing character: There is no  (U+9608) in font [lmmono10-regular]:!
Missing character: There is no  (U+503C) in font [lmmono10-regular]:!
Missing character: There is no  (U+FF0C) in font [lmmono10-regular]:!
Missing character: There is no  (U+7B5B) in font [lmmono10-regular]:!
Missing character: There is no  (U+9009) in font [lmmono10-regular]:!
Missing character: There is no  (U+4F9D) in font [lmmono10-regular]:!
Missing character: There is no  (U+8D56) in font [lmmono10-regular]:!
Missing character: There is no  (U+4E8E) in font [lmmono10-regular]:!
Missing character: There is no  (U+4E00) in font [lmmono10-regular]:!
Missing character: There is no  (U+9879) in font [lmmono10-regular]:!
Missing character: There is no  (U+6216) in font [lmmono10-regular]:!
Missing character: There is no  (U+5C11) in font [lmmono10-regular]:!
Missing character: There is no  (U+6570) in font [lmmono10-regular]:!
Missing character: There is no  (U+51E0) in font [lmmono10-regular]:!
Missing character: There is no  (U+9879) in font [lmmono10-regular]:!
Missing character: There is no  (U+4F53) in font [lmmono10-regular]:!
Missing character: There is no  (U+80B2) in font [lmmono10-regular]:!
Missing character: There is no  (U+8D5B) in font [lmmono10-regular]:!
Missing character: There is no  (U+4E8B) in font [lmmono10-regular]:!
Missing character: There is no  (U+7684) in font [lmmono10-regular]:!
Missing character: There is no  (U+56FD) in font [lmmono10-regular]:!
Missing character: There is no  (U+5BB6) in font [lmmono10-regular]:!
Missing character: There is no  (U+56FD) in font [lmmono10-regular]:!
Missing character: There is no  (U+5BB6) in font [lmmono10-regular]:!
Missing character: There is no  (U+4F9D) in font [lmmono10-regular]:!
Missing character: There is no  (U+8D56) in font [lmmono10-regular]:!
Missing character: There is no  (U+7684) in font [lmmono10-regular]:!
Missing character: There is no  (U+5956) in font [lmmono10-regular]:!
Missing character: There is no  (U+724C) in font [lmmono10-regular]:!
Missing character: There is no  (U+5360) in font [lmmono10-regular]:!
Missing character: There is no  (U+6BD4) in font [lmmono10-regular]:!
Missing character: There is no  (U+8D85) in font [lmmono10-regular]:!
Missing character: There is no  (U+8FC7) in font [lmmono10-regular]:!
Missing character: There is no  (U+6B64) in font [lmmono10-regular]:!
Missing character: There is no  (U+503C) in font [lmmono10-regular]:!
Missing character: There is no  (U+6309) in font [lmmono10-regular]:!
Missing character: There is no  (U+56FD) in font [lmmono10-regular]:!
Missing character: There is no  (U+5BB6) in font [lmmono10-regular]:!
Missing character: There is no  (U+5206) in font [lmmono10-regular]:!
Missing character: There is no  (U+7EC4) in font [lmmono10-regular]:!
Missing character: There is no  (U+FF0C) in font [lmmono10-regular]:!
Missing character: There is no  (U+627E) in font [lmmono10-regular]:!
Missing character: There is no  (U+51FA) in font [lmmono10-regular]:!
Missing character: There is no  (U+6BCF) in font [lmmono10-regular]:!
Missing character: There is no  (U+4E2A) in font [lmmono10-regular]:!
Missing character: There is no  (U+56FD) in font [lmmono10-regular]:!
Missing character: There is no  (U+5BB6) in font [lmmono10-regular]:!
Missing character: There is no  (U+83B7) in font [lmmono10-regular]:!
Missing character: There is no  (U+5956) in font [lmmono10-regular]:!
Missing character: There is no  (U+6700) in font [lmmono10-regular]:!
Missing character: There is no  (U+591A) in font [lmmono10-regular]:!
Missing character: There is no  (U+7684) in font [lmmono10-regular]:!
Missing character: There is no  (U+524D) in font [lmmono10-regular]:!
Missing character: There is no  (U+4E2A) in font [lmmono10-regular]:!
Missing character: There is no  (U+4F53) in font [lmmono10-regular]:!
Missing character: There is no  (U+80B2) in font [lmmono10-regular]:!
Missing character: There is no  (U+8D5B) in font [lmmono10-regular]:!
Missing character: There is no  (U+4E8B) in font [lmmono10-regular]:!
Missing character: There is no  (U+8F93) in font [lmmono10-regular]:!
Missing character: There is no  (U+51FA) in font [lmmono10-regular]:!
Missing character: There is no  (U+7ED3) in font [lmmono10-regular]:!
Missing character: There is no  (U+679C) in font [lmmono10-regular]:!
Missing character: There is no  (U+9009) in font [lmmono10-regular]:!
Missing character: There is no  (U+62E9) in font [lmmono10-regular]:!
Missing character: There is no  (U+4F9D) in font [lmmono10-regular]:!
Missing character: There is no  (U+8D56) in font [lmmono10-regular]:!
Missing character: There is no  (U+4E00) in font [lmmono10-regular]:!
Missing character: There is no  (U+9879) in font [lmmono10-regular]:!
Missing character: There is no  (U+6216) in font [lmmono10-regular]:!
Missing character: There is no  (U+5C11) in font [lmmono10-regular]:!
Missing character: There is no  (U+6570) in font [lmmono10-regular]:!
Missing character: There is no  (U+51E0) in font [lmmono10-regular]:!
Missing character: There is no  (U+9879) in font [lmmono10-regular]:!
Missing character: There is no  (U+4F53) in font [lmmono10-regular]:!
Missing character: There is no  (U+80B2) in font [lmmono10-regular]:!
Missing character: There is no  (U+8D5B) in font [lmmono10-regular]:!
Missing character: There is no  (U+4E8B) in font [lmmono10-regular]:!
Missing character: There is no  (U+7684) in font [lmmono10-regular]:!
Missing character: There is no  (U+56FD) in font [lmmono10-regular]:!
Missing character: There is no  (U+5BB6) in font [lmmono10-regular]:!
Missing character: There is no  (U+6570) in font [lmmono10-regular]:!
Missing character: There is no  (U+636E) in font [lmmono10-regular]:!
Missing character: There is no  (U+521B) in font [lmmono10-regular]:!
Missing character: There is no  (U+5EFA) in font [lmmono10-regular]:!
Missing character: There is no  (U+4E00) in font [lmmono10-regular]:!
Missing character: There is no  (U+4E2A) in font [lmmono10-regular]:!
Missing character: There is no  (U+53EF) in font [lmmono10-regular]:!
Missing character: There is no  (U+89C6) in font [lmmono10-regular]:!
Missing character: There is no  (U+5316) in font [lmmono10-regular]:!
Missing character: There is no  (U+7684) in font [lmmono10-regular]:!
Missing character: There is no  (U+67F1) in font [lmmono10-regular]:!
Missing character: There is no  (U+72B6) in font [lmmono10-regular]:!
Missing character: There is no  (U+56FE) in font [lmmono10-regular]:!
Missing character: There is no  (U+65CB) in font [lmmono10-regular]:!
Missing character: There is no  (U+8F6C) in font [lmmono10-regular]:!
Missing character: There is no  (U+8F74) in font [lmmono10-regular]:!
Missing character: There is no  (U+6807) in font [lmmono10-regular]:!
Missing character: There is no  (U+7B7E) in font [lmmono10-regular]:!
Missing character: There is no  (U+FF0C) in font [lmmono10-regular]:!
Missing character: There is no  (U+907F) in font [lmmono10-regular]:!
Missing character: There is no  (U+514D) in font [lmmono10-regular]:!
Missing character: There is no  (U+91CD) in font [lmmono10-regular]:!
Missing character: There is no  (U+53E0) in font [lmmono10-regular]:!
))

Package fancyhdr Warning: \headheight is too small (12.0pt): 
(fancyhdr)                Make it at least 13.59999pt, for example:
(fancyhdr)                \setlength{\headheight}{13.59999pt}.
(fancyhdr)                You might also make \topmargin smaller to compensate:
(fancyhdr)                \addtolength{\topmargin}{-1.59999pt}.

[32] (./include/ai.tex
\c@lastpage=\count466

Overfull \hbox (0.13695pt too wide) in paragraph at lines 36--37
[]\TU/TeXGyreTermesX(0)/m/n/12 - \TU/TeXGyreTermesX(0)/b/n/12 1996\TU/TeXGyreTermesX(0)/m/n/12 : Marta coached the Magnificent Seven member Kerri Strug to win the Olympic
 []

) [33] 
enddocument/afterlastpage: lastpage setting LastPage.
(./2515374.aux)
 ***********
LaTeX2e <2023-11-01> patch level 1
L3 programming layer <2020/03/25>
 ***********
Package rerunfilecheck Info: File `2515374.out' has not changed.
(rerunfilecheck)             Checksum: 8C7B0B997A953ED1D5EF6D5ABF0FACED;6906.
Package logreq Info: Writing requests to '2515374.run.xml'.
\openout1 = `2515374.run.xml'.

 ) 
Here is how much of TeX's memory you used:
 25354 strings out of 474773
 479530 string characters out of 5761289
 2037842 words of memory out of 5000000
 47023 multiletter control sequences out of 15000+600000
 573292 words of font info for 110 fonts, out of 8000000 for 9000
 1348 hyphenation exceptions out of 8191
 87i,13n,103p,1895b,4818s stack positions out of 10000i,1000n,20000p,200000b,200000s

Output written on 2515374.pdf (35 pages).
